# JRE version: OpenJDK Runtime Environment (17.0.11) (build 17.0.11+0--11852314)
# Java VM: OpenJDK 64-Bit Server VM (17.0.11+0--11852314, mixed mode, tiered, compressed oops, compressed class ptrs, g1 gc, windows-amd64)
GC Precious Log:
 CPUs: 8 total, 8 available
 Memory: 16087M
 Large Page Support: Disabled
 NUMA Support: Disabled
 Compressed Oops: Enabled (32-bit)
 Heap Region Size: 1M
 Heap Min Capacity: 8M
 Heap Initial Capacity: 252M
 Heap Max Capacity: 1536M
 Pre-touch: Disabled
 Parallel Workers: 8
 Concurrent Workers: 2
 Concurrent Refinement Workers: 8
 Periodic GC: Disabled
Heap:
 garbage-first heap   total 393216K, used 167064K [0x00000000a0000000, 0x0000000100000000)
  region size 1024K, 7 young (7168K), 7 survivors (7168K)
 Metaspace       used 139413K, committed 140224K, reserved 1179648K
  class space    used 18390K, committed 18816K, reserved 1048576K
GC Heap History (20 events):
Event: 440.057 GC heap after
{Heap after GC invocations=75 (full 0):
 garbage-first heap   total 372736K, used 193003K [0x00000000a0000000, 0x0000000100000000)
  region size 1024K, 5 young (5120K), 5 survivors (5120K)
 Metaspace       used 138645K, committed 139456K, reserved 1179648K
  class space    used 18365K, committed 18752K, reserved 1048576K
}
Event: 440.139 GC heap before
{Heap before GC invocations=75 (full 0):
 garbage-first heap   total 372736K, used 195051K [0x00000000a0000000, 0x0000000100000000)
  region size 1024K, 6 young (6144K), 5 survivors (5120K)
 Metaspace       used 138645K, committed 139456K, reserved 1179648K
  class space    used 18365K, committed 18752K, reserved 1048576K
}
Event: 440.153 GC heap after
{Heap after GC invocations=76 (full 0):
 garbage-first heap   total 372736K, used 195315K [0x00000000a0000000, 0x0000000100000000)
  region size 1024K, 6 young (6144K), 6 survivors (6144K)
 Metaspace       used 138645K, committed 139456K, reserved 1179648K
  class space    used 18365K, committed 18752K, reserved 1048576K
}
Event: 583.333 GC heap before
{Heap before GC invocations=77 (full 0):
 garbage-first heap   total 393216K, used 363251K [0x00000000a0000000, 0x0000000100000000)
  region size 1024K, 128 young (131072K), 6 survivors (6144K)
 Metaspace       used 138768K, committed 139584K, reserved 1179648K
  class space    used 18356K, committed 18752K, reserved 1048576K
}
Event: 583.372 GC heap after
{Heap after GC invocations=78 (full 0):
 garbage-first heap   total 393216K, used 194980K [0x00000000a0000000, 0x0000000100000000)
  region size 1024K, 16 young (16384K), 16 survivors (16384K)
 Metaspace       used 138768K, committed 139584K, reserved 1179648K
  class space    used 18356K, committed 18752K, reserved 1048576K
}
Event: 583.452 GC heap before
{Heap before GC invocations=78 (full 0):
 garbage-first heap   total 393216K, used 198052K [0x00000000a0000000, 0x0000000100000000)
  region size 1024K, 19 young (19456K), 16 survivors (16384K)
 Metaspace       used 138768K, committed 139584K, reserved 1179648K
  class space    used 18356K, committed 18752K, reserved 1048576K
}
Event: 583.507 GC heap after
{Heap after GC invocations=79 (full 0):
 garbage-first heap   total 393216K, used 163820K [0x00000000a0000000, 0x0000000100000000)
  region size 1024K, 2 young (2048K), 2 survivors (2048K)
 Metaspace       used 138768K, committed 139584K, reserved 1179648K
  class space    used 18356K, committed 18752K, reserved 1048576K
}
Event: 583.835 GC heap before
{Heap before GC invocations=79 (full 0):
 garbage-first heap   total 393216K, used 165868K [0x00000000a0000000, 0x0000000100000000)
  region size 1024K, 5 young (5120K), 2 survivors (2048K)
 Metaspace       used 139012K, committed 139904K, reserved 1179648K
  class space    used 18378K, committed 18816K, reserved 1048576K
}
Event: 583.840 GC heap after
{Heap after GC invocations=80 (full 0):
 garbage-first heap   total 393216K, used 163171K [0x00000000a0000000, 0x0000000100000000)
  region size 1024K, 2 young (2048K), 2 survivors (2048K)
 Metaspace       used 139012K, committed 139904K, reserved 1179648K
  class space    used 18378K, committed 18816K, reserved 1048576K
}
Event: 593.699 GC heap before
{Heap before GC invocations=81 (full 0):
 garbage-first heap   total 393216K, used 312675K [0x00000000a0000000, 0x0000000100000000)
  region size 1024K, 147 young (150528K), 2 survivors (2048K)
 Metaspace       used 139118K, committed 139968K, reserved 1179648K
  class space    used 18378K, committed 18816K, reserved 1048576K
}
Event: 593.742 GC heap after
{Heap after GC invocations=82 (full 0):
 garbage-first heap   total 393216K, used 183296K [0x00000000a0000000, 0x0000000100000000)
  region size 1024K, 19 young (19456K), 19 survivors (19456K)
 Metaspace       used 139118K, committed 139968K, reserved 1179648K
  class space    used 18378K, committed 18816K, reserved 1048576K
}
Event: 593.781 GC heap before
{Heap before GC invocations=82 (full 0):
 garbage-first heap   total 393216K, used 184320K [0x00000000a0000000, 0x0000000100000000)
  region size 1024K, 20 young (20480K), 19 survivors (19456K)
 Metaspace       used 139118K, committed 139968K, reserved 1179648K
  class space    used 18378K, committed 18816K, reserved 1048576K
}
Event: 593.823 GC heap after
{Heap after GC invocations=83 (full 0):
 garbage-first heap   total 393216K, used 169364K [0x00000000a0000000, 0x0000000100000000)
  region size 1024K, 2 young (2048K), 2 survivors (2048K)
 Metaspace       used 139118K, committed 139968K, reserved 1179648K
  class space    used 18378K, committed 18816K, reserved 1048576K
}
Event: 598.060 GC heap before
{Heap before GC invocations=83 (full 0):
 garbage-first heap   total 393216K, used 304532K [0x00000000a0000000, 0x0000000100000000)
  region size 1024K, 134 young (137216K), 2 survivors (2048K)
 Metaspace       used 139221K, committed 140096K, reserved 1179648K
  class space    used 18390K, committed 18816K, reserved 1048576K
}
Event: 598.096 GC heap after
{Heap after GC invocations=84 (full 0):
 garbage-first heap   total 393216K, used 175383K [0x00000000a0000000, 0x0000000100000000)
  region size 1024K, 10 young (10240K), 10 survivors (10240K)
 Metaspace       used 139221K, committed 140096K, reserved 1179648K
  class space    used 18390K, committed 18816K, reserved 1048576K
}
Event: 599.908 GC heap before
{Heap before GC invocations=85 (full 0):
 garbage-first heap   total 393216K, used 309527K [0x00000000a0000000, 0x0000000100000000)
  region size 1024K, 142 young (145408K), 10 survivors (10240K)
 Metaspace       used 139238K, committed 140096K, reserved 1179648K
  class space    used 18390K, committed 18816K, reserved 1048576K
}
Event: 599.922 GC heap after
{Heap after GC invocations=86 (full 0):
 garbage-first heap   total 393216K, used 171388K [0x00000000a0000000, 0x0000000100000000)
  region size 1024K, 2 young (2048K), 2 survivors (2048K)
 Metaspace       used 139238K, committed 140096K, reserved 1179648K
  class space    used 18390K, committed 18816K, reserved 1048576K
}
Event: 600.128 GC heap before
{Heap before GC invocations=86 (full 0):
 garbage-first heap   total 393216K, used 187772K [0x00000000a0000000, 0x0000000100000000)
  region size 1024K, 19 young (19456K), 2 survivors (2048K)
 Metaspace       used 139240K, committed 140096K, reserved 1179648K
  class space    used 18390K, committed 18816K, reserved 1048576K
}
Event: 600.167 GC heap after
{Heap after GC invocations=87 (full 0):
 garbage-first heap   total 393216K, used 161122K [0x00000000a0000000, 0x0000000100000000)
  region size 1024K, 1 young (1024K), 1 survivors (1024K)
 Metaspace       used 139240K, committed 140096K, reserved 1179648K
  class space    used 18390K, committed 18816K, reserved 1048576K
}
Event: 602.698 GC heap before
{Heap before GC invocations=87 (full 0):
 garbage-first heap   total 393216K, used 239970K [0x00000000a0000000, 0x0000000100000000)
  region size 1024K, 80 young (81920K), 1 survivors (1024K)
 Metaspace       used 139413K, committed 140224K, reserved 1179648K
  class space    used 18390K, committed 18816K, reserved 1048576K
}

