# JRE version: OpenJDK Runtime Environment (17.0.11) (build 17.0.11+0--11852314)
# Java VM: OpenJDK 64-Bit Server VM (17.0.11+0--11852314, mixed mode, tiered, compressed oops, compressed class ptrs, g1 gc, windows-amd64)
GC Precious Log:
 CPUs: 8 total, 8 available
 Memory: 16087M
 Large Page Support: Disabled
 NUMA Support: Disabled
 Compressed Oops: Enabled (32-bit)
 Heap Region Size: 1M
 Heap Min Capacity: 8M
 Heap Initial Capacity: 252M
 Heap Max Capacity: 1536M
 Pre-touch: Disabled
 Parallel Workers: 8
 Concurrent Workers: 2
 Concurrent Refinement Workers: 8
 Periodic GC: Disabled
Heap:
 garbage-first heap   total 368640K, used 278733K [0x00000000a0000000, 0x0000000100000000)
  region size 1024K, 118 young (120832K), 2 survivors (2048K)
 Metaspace       used 124380K, committed 125120K, reserved 1179648K
  class space    used 16658K, committed 17024K, reserved 1048576K
GC Heap History (20 events):
Event: 52.260 GC heap before
{Heap before GC invocations=52 (full 0):
 garbage-first heap   total 267264K, used 230313K [0x00000000a0000000, 0x0000000100000000)
  region size 1024K, 33 young (33792K), 5 survivors (5120K)
 Metaspace       used 109574K, committed 110272K, reserved 1179648K
  class space    used 14461K, committed 14784K, reserved 1048576K
}
Event: 52.282 GC heap after
{Heap after GC invocations=53 (full 0):
 garbage-first heap   total 267264K, used 208030K [0x00000000a0000000, 0x0000000100000000)
  region size 1024K, 4 young (4096K), 4 survivors (4096K)
 Metaspace       used 109574K, committed 110272K, reserved 1179648K
  class space    used 14461K, committed 14784K, reserved 1048576K
}
Event: 52.758 GC heap before
{Heap before GC invocations=53 (full 0):
 garbage-first heap   total 267264K, used 229534K [0x00000000a0000000, 0x0000000100000000)
  region size 1024K, 26 young (26624K), 4 survivors (4096K)
 Metaspace       used 110394K, committed 111104K, reserved 1179648K
  class space    used 14581K, committed 14912K, reserved 1048576K
}
Event: 52.777 GC heap after
{Heap after GC invocations=54 (full 0):
 garbage-first heap   total 267264K, used 210862K [0x00000000a0000000, 0x0000000100000000)
  region size 1024K, 4 young (4096K), 4 survivors (4096K)
 Metaspace       used 110394K, committed 111104K, reserved 1179648K
  class space    used 14581K, committed 14912K, reserved 1048576K
}
Event: 53.329 GC heap before
{Heap before GC invocations=54 (full 0):
 garbage-first heap   total 267264K, used 229294K [0x00000000a0000000, 0x0000000100000000)
  region size 1024K, 23 young (23552K), 4 survivors (4096K)
 Metaspace       used 111110K, committed 111808K, reserved 1179648K
  class space    used 14669K, committed 14976K, reserved 1048576K
}
Event: 53.346 GC heap after
{Heap after GC invocations=55 (full 0):
 garbage-first heap   total 267264K, used 213010K [0x00000000a0000000, 0x0000000100000000)
  region size 1024K, 3 young (3072K), 3 survivors (3072K)
 Metaspace       used 111110K, committed 111808K, reserved 1179648K
  class space    used 14669K, committed 14976K, reserved 1048576K
}
Event: 53.806 GC heap before
{Heap before GC invocations=55 (full 0):
 garbage-first heap   total 267264K, used 230418K [0x00000000a0000000, 0x0000000100000000)
  region size 1024K, 21 young (21504K), 3 survivors (3072K)
 Metaspace       used 111747K, committed 112448K, reserved 1179648K
  class space    used 14767K, committed 15104K, reserved 1048576K
}
Event: 53.822 GC heap after
{Heap after GC invocations=56 (full 0):
 garbage-first heap   total 319488K, used 215862K [0x00000000a0000000, 0x0000000100000000)
  region size 1024K, 3 young (3072K), 3 survivors (3072K)
 Metaspace       used 111747K, committed 112448K, reserved 1179648K
  class space    used 14767K, committed 15104K, reserved 1048576K
}
Event: 55.097 GC heap before
{Heap before GC invocations=56 (full 0):
 garbage-first heap   total 319488K, used 265014K [0x00000000a0000000, 0x0000000100000000)
  region size 1024K, 52 young (53248K), 3 survivors (3072K)
 Metaspace       used 114173K, committed 114880K, reserved 1179648K
  class space    used 15109K, committed 15424K, reserved 1048576K
}
Event: 55.121 GC heap after
{Heap after GC invocations=57 (full 0):
 garbage-first heap   total 319488K, used 221668K [0x00000000a0000000, 0x0000000100000000)
  region size 1024K, 7 young (7168K), 7 survivors (7168K)
 Metaspace       used 114173K, committed 114880K, reserved 1179648K
  class space    used 15109K, committed 15424K, reserved 1048576K
}
Event: 55.604 GC heap before
{Heap before GC invocations=57 (full 0):
 garbage-first heap   total 319488K, used 268772K [0x00000000a0000000, 0x0000000100000000)
  region size 1024K, 53 young (54272K), 7 survivors (7168K)
 Metaspace       used 115699K, committed 116416K, reserved 1179648K
  class space    used 15335K, committed 15680K, reserved 1048576K
}
Event: 55.624 GC heap after
{Heap after GC invocations=58 (full 0):
 garbage-first heap   total 319488K, used 223708K [0x00000000a0000000, 0x0000000100000000)
  region size 1024K, 2 young (2048K), 2 survivors (2048K)
 Metaspace       used 115699K, committed 116416K, reserved 1179648K
  class space    used 15335K, committed 15680K, reserved 1048576K
}
Event: 55.938 GC heap before
{Heap before GC invocations=58 (full 0):
 garbage-first heap   total 319488K, used 261596K [0x00000000a0000000, 0x0000000100000000)
  region size 1024K, 41 young (41984K), 2 survivors (2048K)
 Metaspace       used 116730K, committed 117376K, reserved 1179648K
  class space    used 15438K, committed 15744K, reserved 1048576K
}
Event: 55.957 GC heap after
{Heap after GC invocations=59 (full 0):
 garbage-first heap   total 319488K, used 226588K [0x00000000a0000000, 0x0000000100000000)
  region size 1024K, 5 young (5120K), 5 survivors (5120K)
 Metaspace       used 116730K, committed 117376K, reserved 1179648K
  class space    used 15438K, committed 15744K, reserved 1048576K
}
Event: 56.590 GC heap before
{Heap before GC invocations=59 (full 0):
 garbage-first heap   total 368640K, used 223516K [0x00000000a0000000, 0x0000000100000000)
  region size 1024K, 49 young (50176K), 5 survivors (5120K)
 Metaspace       used 117651K, committed 118400K, reserved 1179648K
  class space    used 15586K, committed 15936K, reserved 1048576K
}
Event: 56.610 GC heap after
{Heap after GC invocations=60 (full 0):
 garbage-first heap   total 368640K, used 179762K [0x00000000a0000000, 0x0000000100000000)
  region size 1024K, 5 young (5120K), 5 survivors (5120K)
 Metaspace       used 117651K, committed 118400K, reserved 1179648K
  class space    used 15586K, committed 15936K, reserved 1048576K
}
Event: 59.542 GC heap before
{Heap before GC invocations=61 (full 0):
 garbage-first heap   total 368640K, used 300594K [0x00000000a0000000, 0x0000000100000000)
  region size 1024K, 122 young (124928K), 5 survivors (5120K)
 Metaspace       used 121983K, committed 122752K, reserved 1179648K
  class space    used 16346K, committed 16704K, reserved 1048576K
}
Event: 59.589 GC heap after
{Heap after GC invocations=62 (full 0):
 garbage-first heap   total 368640K, used 191607K [0x00000000a0000000, 0x0000000100000000)
  region size 1024K, 16 young (16384K), 16 survivors (16384K)
 Metaspace       used 121983K, committed 122752K, reserved 1179648K
  class space    used 16346K, committed 16704K, reserved 1048576K
}
Event: 59.661 GC heap before
{Heap before GC invocations=62 (full 0):
 garbage-first heap   total 368640K, used 193655K [0x00000000a0000000, 0x0000000100000000)
  region size 1024K, 18 young (18432K), 16 survivors (16384K)
 Metaspace       used 122049K, committed 122752K, reserved 1179648K
  class space    used 16358K, committed 16704K, reserved 1048576K
}
Event: 59.706 GC heap after
{Heap after GC invocations=63 (full 0):
 garbage-first heap   total 368640K, used 156877K [0x00000000a0000000, 0x0000000100000000)
  region size 1024K, 2 young (2048K), 2 survivors (2048K)
 Metaspace       used 122049K, committed 122752K, reserved 1179648K
  class space    used 16358K, committed 16704K, reserved 1048576K
}

