# JRE version: OpenJDK Runtime Environment (8.0_212-b04) (build 1.8.0_212-release-1586-b04)
# Java VM: OpenJDK 64-Bit Server VM (25.212-b04 mixed mode windows-amd64 compressed oops)
Heap:
 PSYoungGen      total 260096K, used 34758K [0x00000000e0000000, 0x00000000f2480000, 0x0000000100000000)
  eden space 224768K, 15% used [0x00000000e0000000,0x00000000e2111bf8,0x00000000edb80000)
  from space 35328K, 2% used [0x00000000efe00000,0x00000000efee0000,0x00000000f2080000)
  to   space 35328K, 0% used [0x00000000edb80000,0x00000000edb80000,0x00000000efe00000)
 ParOldGen       total 157184K, used 121380K [0x00000000a0000000, 0x00000000a9980000, 0x00000000e0000000)
  object space 157184K, 77% used [0x00000000a0000000,0x00000000a76893e8,0x00000000a9980000)
 Metaspace       used 88215K, capacity 90948K, committed 91224K, reserved 1128448K
  class space    used 11445K, capacity 12125K, committed 12160K, reserved 1048576K
GC Heap History (10 events):
Event: 126.190 GC heap before
{Heap before GC invocations=28 (full 4):
 PSYoungGen      total 174592K, used 9464K [0x00000000e0000000, 0x00000000ec680000, 0x0000000100000000)
  eden space 152064K, 0% used [0x00000000e0000000,0x00000000e0000000,0x00000000e9480000)
  from space 22528K, 42% used [0x00000000eb080000,0x00000000eb9be260,0x00000000ec680000)
  to   space 25600K, 0% used [0x00000000e9480000,0x00000000e9480000,0x00000000ead80000)
 ParOldGen       total 100352K, used 84966K [0x00000000a0000000, 0x00000000a6200000, 0x00000000e0000000)
  object space 100352K, 84% used [0x00000000a0000000,0x00000000a52f9be8,0x00000000a6200000)
 Metaspace       used 72877K, capacity 75186K, committed 75352K, reserved 1114112K
  class space    used 9746K, capacity 10340K, committed 10368K, reserved 1048576K
Event: 126.400 GC heap after
Heap after GC invocations=28 (full 4):
 PSYoungGen      total 174592K, used 0K [0x00000000e0000000, 0x00000000ec680000, 0x0000000100000000)
  eden space 152064K, 0% used [0x00000000e0000000,0x00000000e0000000,0x00000000e9480000)
  from space 22528K, 0% used [0x00000000eb080000,0x00000000eb080000,0x00000000ec680000)
  to   space 25600K, 0% used [0x00000000e9480000,0x00000000e9480000,0x00000000ead80000)
 ParOldGen       total 157184K, used 61409K [0x00000000a0000000, 0x00000000a9980000, 0x00000000e0000000)
  object space 157184K, 39% used [0x00000000a0000000,0x00000000a3bf8700,0x00000000a9980000)
 Metaspace       used 72871K, capacity 75168K, committed 75352K, reserved 1114112K
  class space    used 9744K, capacity 10337K, committed 10368K, reserved 1048576K
}
Event: 128.824 GC heap before
{Heap before GC invocations=29 (full 4):
 PSYoungGen      total 174592K, used 152064K [0x00000000e0000000, 0x00000000ec680000, 0x0000000100000000)
  eden space 152064K, 100% used [0x00000000e0000000,0x00000000e9480000,0x00000000e9480000)
  from space 22528K, 0% used [0x00000000eb080000,0x00000000eb080000,0x00000000ec680000)
  to   space 25600K, 0% used [0x00000000e9480000,0x00000000e9480000,0x00000000ead80000)
 ParOldGen       total 157184K, used 61409K [0x00000000a0000000, 0x00000000a9980000, 0x00000000e0000000)
  object space 157184K, 39% used [0x00000000a0000000,0x00000000a3bf8700,0x00000000a9980000)
 Metaspace       used 77535K, capacity 79818K, committed 80088K, reserved 1118208K
  class space    used 10280K, capacity 10882K, committed 11008K, reserved 1048576K
Event: 128.952 GC heap after
Heap after GC invocations=29 (full 4):
 PSYoungGen      total 177664K, used 25592K [0x00000000e0000000, 0x00000000ef700000, 0x0000000100000000)
  eden space 152064K, 0% used [0x00000000e0000000,0x00000000e0000000,0x00000000e9480000)
  from space 25600K, 99% used [0x00000000e9480000,0x00000000ead7e2c0,0x00000000ead80000)
  to   space 33280K, 0% used [0x00000000ed680000,0x00000000ed680000,0x00000000ef700000)
 ParOldGen       total 157184K, used 71506K [0x00000000a0000000, 0x00000000a9980000, 0x00000000e0000000)
  object space 157184K, 45% used [0x00000000a0000000,0x00000000a45d4b08,0x00000000a9980000)
 Metaspace       used 77535K, capacity 79818K, committed 80088K, reserved 1118208K
  class space    used 10280K, capacity 10882K, committed 11008K, reserved 1048576K
}
Event: 135.278 GC heap before
{Heap before GC invocations=30 (full 4):
 PSYoungGen      total 177664K, used 177656K [0x00000000e0000000, 0x00000000ef700000, 0x0000000100000000)
  eden space 152064K, 100% used [0x00000000e0000000,0x00000000e9480000,0x00000000e9480000)
  from space 25600K, 99% used [0x00000000e9480000,0x00000000ead7e2c0,0x00000000ead80000)
  to   space 33280K, 0% used [0x00000000ed680000,0x00000000ed680000,0x00000000ef700000)
 ParOldGen       total 157184K, used 71506K [0x00000000a0000000, 0x00000000a9980000, 0x00000000e0000000)
  object space 157184K, 45% used [0x00000000a0000000,0x00000000a45d4b08,0x00000000a9980000)
 Metaspace       used 79315K, capacity 81520K, committed 81624K, reserved 1120256K
  class space    used 10380K, capacity 10979K, committed 11008K, reserved 1048576K
Event: 135.336 GC heap after
Heap after GC invocations=30 (full 4):
 PSYoungGen      total 215552K, used 7359K [0x00000000e0000000, 0x00000000ef400000, 0x0000000100000000)
  eden space 185344K, 0% used [0x00000000e0000000,0x00000000e0000000,0x00000000eb500000)
  from space 30208K, 24% used [0x00000000ed680000,0x00000000eddafd60,0x00000000ef400000)
  to   space 32256K, 0% used [0x00000000eb500000,0x00000000eb500000,0x00000000ed480000)
 ParOldGen       total 157184K, used 96322K [0x00000000a0000000, 0x00000000a9980000, 0x00000000e0000000)
  object space 157184K, 61% used [0x00000000a0000000,0x00000000a5e10838,0x00000000a9980000)
 Metaspace       used 79315K, capacity 81520K, committed 81624K, reserved 1120256K
  class space    used 10380K, capacity 10979K, committed 11008K, reserved 1048576K
}
Event: 139.945 GC heap before
{Heap before GC invocations=31 (full 4):
 PSYoungGen      total 215552K, used 192703K [0x00000000e0000000, 0x00000000ef400000, 0x0000000100000000)
  eden space 185344K, 100% used [0x00000000e0000000,0x00000000eb500000,0x00000000eb500000)
  from space 30208K, 24% used [0x00000000ed680000,0x00000000eddafd60,0x00000000ef400000)
  to   space 32256K, 0% used [0x00000000eb500000,0x00000000eb500000,0x00000000ed480000)
 ParOldGen       total 157184K, used 96322K [0x00000000a0000000, 0x00000000a9980000, 0x00000000e0000000)
  object space 157184K, 61% used [0x00000000a0000000,0x00000000a5e10838,0x00000000a9980000)
 Metaspace       used 87634K, capacity 90362K, committed 90456K, reserved 1128448K
  class space    used 11431K, capacity 12118K, committed 12160K, reserved 1048576K
Event: 140.022 GC heap after
Heap after GC invocations=31 (full 4):
 PSYoungGen      total 217600K, used 25929K [0x00000000e0000000, 0x00000000f2080000, 0x0000000100000000)
  eden space 185344K, 0% used [0x00000000e0000000,0x00000000e0000000,0x00000000eb500000)
  from space 32256K, 80% used [0x00000000eb500000,0x00000000ece52788,0x00000000ed480000)
  to   space 35328K, 0% used [0x00000000efe00000,0x00000000efe00000,0x00000000f2080000)
 ParOldGen       total 157184K, used 102281K [0x00000000a0000000, 0x00000000a9980000, 0x00000000e0000000)
  object space 157184K, 65% used [0x00000000a0000000,0x00000000a63e26c0,0x00000000a9980000)
 Metaspace       used 87634K, capacity 90362K, committed 90456K, reserved 1128448K
  class space    used 11431K, capacity 12118K, committed 12160K, reserved 1048576K
}
Event: 141.337 GC heap before
{Heap before GC invocations=32 (full 4):
 PSYoungGen      total 217600K, used 211273K [0x00000000e0000000, 0x00000000f2080000, 0x0000000100000000)
  eden space 185344K, 100% used [0x00000000e0000000,0x00000000eb500000,0x00000000eb500000)
  from space 32256K, 80% used [0x00000000eb500000,0x00000000ece52788,0x00000000ed480000)
  to   space 35328K, 0% used [0x00000000efe00000,0x00000000efe00000,0x00000000f2080000)
 ParOldGen       total 157184K, used 102281K [0x00000000a0000000, 0x00000000a9980000, 0x00000000e0000000)
  object space 157184K, 65% used [0x00000000a0000000,0x00000000a63e26c0,0x00000000a9980000)
 Metaspace       used 88141K, capacity 90876K, committed 90968K, reserved 1128448K
  class space    used 11445K, capacity 12125K, committed 12160K, reserved 1048576K
Event: 141.411 GC heap after
Heap after GC invocations=32 (full 4):
 PSYoungGen      total 260096K, used 896K [0x00000000e0000000, 0x00000000f2480000, 0x0000000100000000)
  eden space 224768K, 0% used [0x00000000e0000000,0x00000000e0000000,0x00000000edb80000)
  from space 35328K, 2% used [0x00000000efe00000,0x00000000efee0000,0x00000000f2080000)
  to   space 35328K, 0% used [0x00000000edb80000,0x00000000edb80000,0x00000000efe00000)
 ParOldGen       total 157184K, used 121380K [0x00000000a0000000, 0x00000000a9980000, 0x00000000e0000000)
  object space 157184K, 77% used [0x00000000a0000000,0x00000000a76893e8,0x00000000a9980000)
 Metaspace       used 88141K, capacity 90876K, committed 90968K, reserved 1128448K
  class space    used 11445K, capacity 12125K, committed 12160K, reserved 1048576K
}

