# JRE version: OpenJDK Runtime Environment Temurin-21.0.10+7 (21.0.10+7) (build 21.0.10+7-LTS)
# Java VM: OpenJDK 64-Bit Server VM Temurin-21.0.10+7 (21.0.10+7-LTS, mixed mode, sharing, tiered, compressed oops, compressed class ptrs, parallel gc, windows-amd64)
GC Precious Log:
 CardTable entry size: 512
 CPUs: 8 total, 8 available
 Memory: 16087M
 Large Page Support: Disabled
 NUMA Support: Disabled
 Compressed Oops: Enabled (32-bit)
 Alignments: Space 512K, Generation 512K, Heap 2M
 Heap Min Capacity: 100M
 Heap Initial Capacity: 100M
 Heap Max Capacity: 2G
 Pre-touch: Disabled
 Parallel Workers: 8
Heap:
 PSYoungGen      total 14336K, used 6036K [0x00000000d5580000, 0x00000000d6680000, 0x0000000100000000)
  eden space 13312K, 37% used [0x00000000d5580000,0x00000000d5a65328,0x00000000d6280000)
  from space 1024K, 99% used [0x00000000d6300000,0x00000000d63ffd20,0x00000000d6400000)
  to   space 2048K, 0% used [0x00000000d6480000,0x00000000d6480000,0x00000000d6680000)
 ParOldGen       total 72192K, used 72186K [0x0000000080000000, 0x0000000084680000, 0x00000000d5580000)
  object space 72192K, 99% used [0x0000000080000000,0x000000008467eb68,0x0000000084680000)
 Metaspace       used 76837K, committed 78400K, reserved 1179648K
  class space    used 9374K, committed 10048K, reserved 1048576K
GC Heap History (20 events):
Event: 85.176 GC heap before
{Heap before GC invocations=79 (full 3):
 PSYoungGen      total 15360K, used 15347K [0x00000000d5580000, 0x00000000d6a80000, 0x0000000100000000)
  eden space 13312K, 99% used [0x00000000d5580000,0x00000000d627d190,0x00000000d6280000)
  from space 2048K, 99% used [0x00000000d6280000,0x00000000d647fcc0,0x00000000d6480000)
  to   space 4096K, 0% used [0x00000000d6680000,0x00000000d6680000,0x00000000d6a80000)
 ParOldGen       total 68608K, used 65831K [0x0000000080000000, 0x0000000084300000, 0x00000000d5580000)
  object space 68608K, 95% used [0x0000000080000000,0x0000000084049c40,0x0000000084300000)
 Metaspace       used 68360K, committed 69760K, reserved 1114112K
  class space    used 8571K, committed 9152K, reserved 1048576K
}
Event: 85.187 GC heap after
{Heap after GC invocations=79 (full 3):
 PSYoungGen      total 16896K, used 3336K [0x00000000d5580000, 0x00000000d6a00000, 0x0000000100000000)
  eden space 13312K, 0% used [0x00000000d5580000,0x00000000d5580000,0x00000000d6280000)
  from space 3584K, 93% used [0x00000000d6680000,0x00000000d69c2008,0x00000000d6a00000)
  to   space 3584K, 0% used [0x00000000d6300000,0x00000000d6300000,0x00000000d6680000)
 ParOldGen       total 68608K, used 67878K [0x0000000080000000, 0x0000000084300000, 0x00000000d5580000)
  object space 68608K, 98% used [0x0000000080000000,0x0000000084249ae8,0x0000000084300000)
 Metaspace       used 68360K, committed 69760K, reserved 1114112K
  class space    used 8571K, committed 9152K, reserved 1048576K
}
Event: 85.905 GC heap before
{Heap before GC invocations=80 (full 3):
 PSYoungGen      total 16896K, used 16648K [0x00000000d5580000, 0x00000000d6a00000, 0x0000000100000000)
  eden space 13312K, 100% used [0x00000000d5580000,0x00000000d6280000,0x00000000d6280000)
  from space 3584K, 93% used [0x00000000d6680000,0x00000000d69c2008,0x00000000d6a00000)
  to   space 3584K, 0% used [0x00000000d6300000,0x00000000d6300000,0x00000000d6680000)
 ParOldGen       total 68608K, used 67878K [0x0000000080000000, 0x0000000084300000, 0x00000000d5580000)
  object space 68608K, 98% used [0x0000000080000000,0x0000000084249ae8,0x0000000084300000)
 Metaspace       used 70144K, committed 71680K, reserved 1114112K
  class space    used 8730K, committed 9344K, reserved 1048576K
}
Event: 85.913 GC heap after
{Heap after GC invocations=80 (full 3):
 PSYoungGen      total 14336K, used 1016K [0x00000000d5580000, 0x00000000d6700000, 0x0000000100000000)
  eden space 13312K, 0% used [0x00000000d5580000,0x00000000d5580000,0x00000000d6280000)
  from space 1024K, 99% used [0x00000000d6300000,0x00000000d63fe030,0x00000000d6400000)
  to   space 2048K, 0% used [0x00000000d6500000,0x00000000d6500000,0x00000000d6700000)
 ParOldGen       total 68608K, used 68153K [0x0000000080000000, 0x0000000084300000, 0x00000000d5580000)
  object space 68608K, 99% used [0x0000000080000000,0x000000008428e7c8,0x0000000084300000)
 Metaspace       used 70144K, committed 71680K, reserved 1114112K
  class space    used 8730K, committed 9344K, reserved 1048576K
}
Event: 86.167 GC heap before
{Heap before GC invocations=81 (full 3):
 PSYoungGen      total 14336K, used 14320K [0x00000000d5580000, 0x00000000d6700000, 0x0000000100000000)
  eden space 13312K, 99% used [0x00000000d5580000,0x00000000d627e0b8,0x00000000d6280000)
  from space 1024K, 99% used [0x00000000d6300000,0x00000000d63fe030,0x00000000d6400000)
  to   space 2048K, 0% used [0x00000000d6500000,0x00000000d6500000,0x00000000d6700000)
 ParOldGen       total 68608K, used 68153K [0x0000000080000000, 0x0000000084300000, 0x00000000d5580000)
  object space 68608K, 99% used [0x0000000080000000,0x000000008428e7c8,0x0000000084300000)
 Metaspace       used 70428K, committed 71872K, reserved 1114112K
  class space    used 8747K, committed 9344K, reserved 1048576K
}
Event: 86.173 GC heap after
{Heap after GC invocations=81 (full 3):
 PSYoungGen      total 14848K, used 1515K [0x00000000d5580000, 0x00000000d6680000, 0x0000000100000000)
  eden space 13312K, 0% used [0x00000000d5580000,0x00000000d5580000,0x00000000d6280000)
  from space 1536K, 98% used [0x00000000d6500000,0x00000000d667acc0,0x00000000d6680000)
  to   space 2048K, 0% used [0x00000000d6280000,0x00000000d6280000,0x00000000d6480000)
 ParOldGen       total 69632K, used 69156K [0x0000000080000000, 0x0000000084400000, 0x00000000d5580000)
  object space 69632K, 99% used [0x0000000080000000,0x0000000084389188,0x0000000084400000)
 Metaspace       used 70428K, committed 71872K, reserved 1114112K
  class space    used 8747K, committed 9344K, reserved 1048576K
}
Event: 86.384 GC heap before
{Heap before GC invocations=82 (full 3):
 PSYoungGen      total 14848K, used 14827K [0x00000000d5580000, 0x00000000d6680000, 0x0000000100000000)
  eden space 13312K, 100% used [0x00000000d5580000,0x00000000d6280000,0x00000000d6280000)
  from space 1536K, 98% used [0x00000000d6500000,0x00000000d667acc0,0x00000000d6680000)
  to   space 2048K, 0% used [0x00000000d6280000,0x00000000d6280000,0x00000000d6480000)
 ParOldGen       total 69632K, used 69156K [0x0000000080000000, 0x0000000084400000, 0x00000000d5580000)
  object space 69632K, 99% used [0x0000000080000000,0x0000000084389188,0x0000000084400000)
 Metaspace       used 70442K, committed 71936K, reserved 1114112K
  class space    used 8747K, committed 9344K, reserved 1048576K
}
Event: 86.388 GC heap after
{Heap after GC invocations=82 (full 3):
 PSYoungGen      total 14336K, used 989K [0x00000000d5580000, 0x00000000d6580000, 0x0000000100000000)
  eden space 13312K, 0% used [0x00000000d5580000,0x00000000d5580000,0x00000000d6280000)
  from space 1024K, 96% used [0x00000000d6280000,0x00000000d6377418,0x00000000d6380000)
  to   space 1536K, 0% used [0x00000000d6400000,0x00000000d6400000,0x00000000d6580000)
 ParOldGen       total 70144K, used 69776K [0x0000000080000000, 0x0000000084480000, 0x00000000d5580000)
  object space 70144K, 99% used [0x0000000080000000,0x0000000084424300,0x0000000084480000)
 Metaspace       used 70442K, committed 71936K, reserved 1114112K
  class space    used 8747K, committed 9344K, reserved 1048576K
}
Event: 86.592 GC heap before
{Heap before GC invocations=83 (full 3):
 PSYoungGen      total 14336K, used 14301K [0x00000000d5580000, 0x00000000d6580000, 0x0000000100000000)
  eden space 13312K, 100% used [0x00000000d5580000,0x00000000d6280000,0x00000000d6280000)
  from space 1024K, 96% used [0x00000000d6280000,0x00000000d6377418,0x00000000d6380000)
  to   space 1536K, 0% used [0x00000000d6400000,0x00000000d6400000,0x00000000d6580000)
 ParOldGen       total 70144K, used 69776K [0x0000000080000000, 0x0000000084480000, 0x00000000d5580000)
  object space 70144K, 99% used [0x0000000080000000,0x0000000084424300,0x0000000084480000)
 Metaspace       used 71086K, committed 72576K, reserved 1114112K
  class space    used 8804K, committed 9408K, reserved 1048576K
}
Event: 86.594 GC heap after
{Heap after GC invocations=83 (full 3):
 PSYoungGen      total 13824K, used 224K [0x00000000d5580000, 0x00000000d6480000, 0x0000000100000000)
  eden space 13312K, 0% used [0x00000000d5580000,0x00000000d5580000,0x00000000d6280000)
  from space 512K, 43% used [0x00000000d6400000,0x00000000d6438000,0x00000000d6480000)
  to   space 1024K, 0% used [0x00000000d6280000,0x00000000d6280000,0x00000000d6380000)
 ParOldGen       total 70144K, used 69800K [0x0000000080000000, 0x0000000084480000, 0x00000000d5580000)
  object space 70144K, 99% used [0x0000000080000000,0x000000008442a300,0x0000000084480000)
 Metaspace       used 71086K, committed 72576K, reserved 1114112K
  class space    used 8804K, committed 9408K, reserved 1048576K
}
Event: 87.309 GC heap before
{Heap before GC invocations=84 (full 3):
 PSYoungGen      total 13824K, used 13536K [0x00000000d5580000, 0x00000000d6480000, 0x0000000100000000)
  eden space 13312K, 100% used [0x00000000d5580000,0x00000000d6280000,0x00000000d6280000)
  from space 512K, 43% used [0x00000000d6400000,0x00000000d6438000,0x00000000d6480000)
  to   space 1024K, 0% used [0x00000000d6280000,0x00000000d6280000,0x00000000d6380000)
 ParOldGen       total 70144K, used 69800K [0x0000000080000000, 0x0000000084480000, 0x00000000d5580000)
  object space 70144K, 99% used [0x0000000080000000,0x000000008442a300,0x0000000084480000)
 Metaspace       used 72126K, committed 73600K, reserved 1114112K
  class space    used 8934K, committed 9536K, reserved 1048576K
}
Event: 87.311 GC heap after
{Heap after GC invocations=84 (full 3):
 PSYoungGen      total 14336K, used 352K [0x00000000d5580000, 0x00000000d6480000, 0x0000000100000000)
  eden space 13312K, 0% used [0x00000000d5580000,0x00000000d5580000,0x00000000d6280000)
  from space 1024K, 34% used [0x00000000d6280000,0x00000000d62d8000,0x00000000d6380000)
  to   space 512K, 0% used [0x00000000d6400000,0x00000000d6400000,0x00000000d6480000)
 ParOldGen       total 70144K, used 69856K [0x0000000080000000, 0x0000000084480000, 0x00000000d5580000)
  object space 70144K, 99% used [0x0000000080000000,0x0000000084438300,0x0000000084480000)
 Metaspace       used 72126K, committed 73600K, reserved 1114112K
  class space    used 8934K, committed 9536K, reserved 1048576K
}
Event: 87.993 GC heap before
{Heap before GC invocations=85 (full 3):
 PSYoungGen      total 14336K, used 13664K [0x00000000d5580000, 0x00000000d6480000, 0x0000000100000000)
  eden space 13312K, 100% used [0x00000000d5580000,0x00000000d6280000,0x00000000d6280000)
  from space 1024K, 34% used [0x00000000d6280000,0x00000000d62d8000,0x00000000d6380000)
  to   space 512K, 0% used [0x00000000d6400000,0x00000000d6400000,0x00000000d6480000)
 ParOldGen       total 70144K, used 69856K [0x0000000080000000, 0x0000000084480000, 0x00000000d5580000)
  object space 70144K, 99% used [0x0000000080000000,0x0000000084438300,0x0000000084480000)
 Metaspace       used 72765K, committed 74240K, reserved 1114112K
  class space    used 9000K, committed 9600K, reserved 1048576K
}
Event: 87.994 GC heap after
{Heap after GC invocations=85 (full 3):
 PSYoungGen      total 13824K, used 480K [0x00000000d5580000, 0x00000000d6480000, 0x0000000100000000)
  eden space 13312K, 0% used [0x00000000d5580000,0x00000000d5580000,0x00000000d6280000)
  from space 512K, 93% used [0x00000000d6400000,0x00000000d6478020,0x00000000d6480000)
  to   space 1024K, 0% used [0x00000000d6280000,0x00000000d6280000,0x00000000d6380000)
 ParOldGen       total 70144K, used 70094K [0x0000000080000000, 0x0000000084480000, 0x00000000d5580000)
  object space 70144K, 99% used [0x0000000080000000,0x0000000084473a00,0x0000000084480000)
 Metaspace       used 72765K, committed 74240K, reserved 1114112K
  class space    used 9000K, committed 9600K, reserved 1048576K
}
Event: 88.871 GC heap before
{Heap before GC invocations=86 (full 3):
 PSYoungGen      total 13824K, used 13792K [0x00000000d5580000, 0x00000000d6480000, 0x0000000100000000)
  eden space 13312K, 100% used [0x00000000d5580000,0x00000000d6280000,0x00000000d6280000)
  from space 512K, 93% used [0x00000000d6400000,0x00000000d6478020,0x00000000d6480000)
  to   space 1024K, 0% used [0x00000000d6280000,0x00000000d6280000,0x00000000d6380000)
 ParOldGen       total 70144K, used 70094K [0x0000000080000000, 0x0000000084480000, 0x00000000d5580000)
  object space 70144K, 99% used [0x0000000080000000,0x0000000084473a00,0x0000000084480000)
 Metaspace       used 73948K, committed 75520K, reserved 1179648K
  class space    used 9110K, committed 9792K, reserved 1048576K
}
Event: 88.875 GC heap after
{Heap after GC invocations=86 (full 3):
 PSYoungGen      total 14336K, used 992K [0x00000000d5580000, 0x00000000d6680000, 0x0000000100000000)
  eden space 13312K, 0% used [0x00000000d5580000,0x00000000d5580000,0x00000000d6280000)
  from space 1024K, 96% used [0x00000000d6280000,0x00000000d6378020,0x00000000d6380000)
  to   space 2048K, 0% used [0x00000000d6480000,0x00000000d6480000,0x00000000d6680000)
 ParOldGen       total 70656K, used 70582K [0x0000000080000000, 0x0000000084500000, 0x00000000d5580000)
  object space 70656K, 99% used [0x0000000080000000,0x00000000844eda00,0x0000000084500000)
 Metaspace       used 73948K, committed 75520K, reserved 1179648K
  class space    used 9110K, committed 9792K, reserved 1048576K
}
Event: 89.256 GC heap before
{Heap before GC invocations=87 (full 3):
 PSYoungGen      total 14336K, used 14257K [0x00000000d5580000, 0x00000000d6680000, 0x0000000100000000)
  eden space 13312K, 99% used [0x00000000d5580000,0x00000000d6274488,0x00000000d6280000)
  from space 1024K, 96% used [0x00000000d6280000,0x00000000d6378020,0x00000000d6380000)
  to   space 2048K, 0% used [0x00000000d6480000,0x00000000d6480000,0x00000000d6680000)
 ParOldGen       total 70656K, used 70582K [0x0000000080000000, 0x0000000084500000, 0x00000000d5580000)
  object space 70656K, 99% used [0x0000000080000000,0x00000000844eda00,0x0000000084500000)
 Metaspace       used 75150K, committed 76736K, reserved 1179648K
  class space    used 9224K, committed 9920K, reserved 1048576K
}
Event: 89.261 GC heap after
{Heap after GC invocations=87 (full 3):
 PSYoungGen      total 13824K, used 441K [0x00000000d5580000, 0x00000000d6500000, 0x0000000100000000)
  eden space 13312K, 0% used [0x00000000d5580000,0x00000000d5580000,0x00000000d6280000)
  from space 512K, 86% used [0x00000000d6480000,0x00000000d64ee750,0x00000000d6500000)
  to   space 1024K, 0% used [0x00000000d6300000,0x00000000d6300000,0x00000000d6400000)
 ParOldGen       total 71680K, used 71558K [0x0000000080000000, 0x0000000084600000, 0x00000000d5580000)
  object space 71680K, 99% used [0x0000000080000000,0x00000000845e1a20,0x0000000084600000)
 Metaspace       used 75150K, committed 76736K, reserved 1179648K
  class space    used 9224K, committed 9920K, reserved 1048576K
}
Event: 89.779 GC heap before
{Heap before GC invocations=88 (full 3):
 PSYoungGen      total 13824K, used 13753K [0x00000000d5580000, 0x00000000d6500000, 0x0000000100000000)
  eden space 13312K, 99% used [0x00000000d5580000,0x00000000d627fff8,0x00000000d6280000)
  from space 512K, 86% used [0x00000000d6480000,0x00000000d64ee750,0x00000000d6500000)
  to   space 1024K, 0% used [0x00000000d6300000,0x00000000d6300000,0x00000000d6400000)
 ParOldGen       total 71680K, used 71558K [0x0000000080000000, 0x0000000084600000, 0x00000000d5580000)
  object space 71680K, 99% used [0x0000000080000000,0x00000000845e1a20,0x0000000084600000)
 Metaspace       used 76405K, committed 77952K, reserved 1179648K
  class space    used 9323K, committed 9984K, reserved 1048576K
}
Event: 89.785 GC heap after
{Heap after GC invocations=88 (full 3):
 PSYoungGen      total 14336K, used 1023K [0x00000000d5580000, 0x00000000d6680000, 0x0000000100000000)
  eden space 13312K, 0% used [0x00000000d5580000,0x00000000d5580000,0x00000000d6280000)
  from space 1024K, 99% used [0x00000000d6300000,0x00000000d63ffd20,0x00000000d6400000)
  to   space 2048K, 0% used [0x00000000d6480000,0x00000000d6480000,0x00000000d6680000)
 ParOldGen       total 72192K, used 72186K [0x0000000080000000, 0x0000000084680000, 0x00000000d5580000)
  object space 72192K, 99% used [0x0000000080000000,0x000000008467eb68,0x0000000084680000)
 Metaspace       used 76405K, committed 77952K, reserved 1179648K
  class space    used 9323K, committed 9984K, reserved 1048576K
}

