# JRE version: OpenJDK Runtime Environment (17.0.11) (build 17.0.11+0--11852314)
# Java VM: OpenJDK 64-Bit Server VM (17.0.11+0--11852314, mixed mode, tiered, compressed oops, compressed class ptrs, g1 gc, windows-amd64)
GC Precious Log:
 CPUs: 8 total, 8 available
 Memory: 16087M
 Large Page Support: Disabled
 NUMA Support: Disabled
 Compressed Oops: Enabled (32-bit)
 Heap Region Size: 1M
 Heap Min Capacity: 8M
 Heap Initial Capacity: 252M
 Heap Max Capacity: 1536M
 Pre-touch: Disabled
 Parallel Workers: 8
 Concurrent Workers: 2
 Concurrent Refinement Workers: 8
 Periodic GC: Disabled
Heap:
 garbage-first heap   total 266240K, used 157238K [0x00000000a0000000, 0x0000000100000000)
  region size 1024K, 24 young (24576K), 10 survivors (10240K)
 Metaspace       used 118926K, committed 119744K, reserved 1179648K
  class space    used 15910K, committed 16320K, reserved 1048576K
GC Heap History (20 events):
Event: 34.836 GC heap before
{Heap before GC invocations=46 (full 0):
 garbage-first heap   total 266240K, used 93671K [0x00000000a0000000, 0x0000000100000000)
  region size 1024K, 13 young (13312K), 10 survivors (10240K)
 Metaspace       used 78340K, committed 78976K, reserved 1179648K
  class space    used 10493K, committed 10752K, reserved 1048576K
}
Event: 34.850 GC heap after
{Heap after GC invocations=47 (full 0):
 garbage-first heap   total 266240K, used 91383K [0x00000000a0000000, 0x0000000100000000)
  region size 1024K, 2 young (2048K), 2 survivors (2048K)
 Metaspace       used 78340K, committed 78976K, reserved 1179648K
  class space    used 10493K, committed 10752K, reserved 1048576K
}
Event: 37.668 GC heap before
{Heap before GC invocations=47 (full 0):
 garbage-first heap   total 266240K, used 206071K [0x00000000a0000000, 0x0000000100000000)
  region size 1024K, 113 young (115712K), 2 survivors (2048K)
 Metaspace       used 84852K, committed 85504K, reserved 1179648K
  class space    used 11571K, committed 11840K, reserved 1048576K
}
Event: 37.679 GC heap after
{Heap after GC invocations=48 (full 0):
 garbage-first heap   total 266240K, used 97098K [0x00000000a0000000, 0x0000000100000000)
  region size 1024K, 7 young (7168K), 7 survivors (7168K)
 Metaspace       used 84852K, committed 85504K, reserved 1179648K
  class space    used 11571K, committed 11840K, reserved 1048576K
}
Event: 41.365 GC heap before
{Heap before GC invocations=48 (full 0):
 garbage-first heap   total 266240K, used 231242K [0x00000000a0000000, 0x0000000100000000)
  region size 1024K, 117 young (119808K), 7 survivors (7168K)
 Metaspace       used 96830K, committed 97600K, reserved 1179648K
  class space    used 13011K, committed 13376K, reserved 1048576K
}
Event: 41.391 GC heap after
{Heap after GC invocations=49 (full 0):
 garbage-first heap   total 266240K, used 122791K [0x00000000a0000000, 0x0000000100000000)
  region size 1024K, 15 young (15360K), 15 survivors (15360K)
 Metaspace       used 96830K, committed 97600K, reserved 1179648K
  class space    used 13011K, committed 13376K, reserved 1048576K
}
Event: 44.217 GC heap before
{Heap before GC invocations=49 (full 0):
 garbage-first heap   total 266240K, used 212903K [0x00000000a0000000, 0x0000000100000000)
  region size 1024K, 104 young (106496K), 15 survivors (15360K)
 Metaspace       used 107220K, committed 107968K, reserved 1179648K
  class space    used 14555K, committed 14912K, reserved 1048576K
}
Event: 44.240 GC heap after
{Heap after GC invocations=50 (full 0):
 garbage-first heap   total 266240K, used 127241K [0x00000000a0000000, 0x0000000100000000)
  region size 1024K, 5 young (5120K), 5 survivors (5120K)
 Metaspace       used 107220K, committed 107968K, reserved 1179648K
  class space    used 14555K, committed 14912K, reserved 1048576K
}
Event: 45.989 GC heap before
{Heap before GC invocations=50 (full 0):
 garbage-first heap   total 266240K, used 220425K [0x00000000a0000000, 0x0000000100000000)
  region size 1024K, 94 young (96256K), 5 survivors (5120K)
 Metaspace       used 108522K, committed 109248K, reserved 1179648K
  class space    used 14756K, committed 15104K, reserved 1048576K
}
Event: 46.001 GC heap after
{Heap after GC invocations=51 (full 0):
 garbage-first heap   total 266240K, used 132005K [0x00000000a0000000, 0x0000000100000000)
  region size 1024K, 7 young (7168K), 7 survivors (7168K)
 Metaspace       used 108522K, committed 109248K, reserved 1179648K
  class space    used 14756K, committed 15104K, reserved 1048576K
}
Event: 47.149 GC heap before
{Heap before GC invocations=51 (full 0):
 garbage-first heap   total 266240K, used 220069K [0x00000000a0000000, 0x0000000100000000)
  region size 1024K, 93 young (95232K), 7 survivors (7168K)
 Metaspace       used 108525K, committed 109248K, reserved 1179648K
  class space    used 14756K, committed 15104K, reserved 1048576K
}
Event: 47.159 GC heap after
{Heap after GC invocations=52 (full 0):
 garbage-first heap   total 266240K, used 132855K [0x00000000a0000000, 0x0000000100000000)
  region size 1024K, 5 young (5120K), 5 survivors (5120K)
 Metaspace       used 108525K, committed 109248K, reserved 1179648K
  class space    used 14756K, committed 15104K, reserved 1048576K
}
Event: 48.171 GC heap before
{Heap before GC invocations=52 (full 0):
 garbage-first heap   total 266240K, used 223991K [0x00000000a0000000, 0x0000000100000000)
  region size 1024K, 94 young (96256K), 5 survivors (5120K)
 Metaspace       used 108759K, committed 109504K, reserved 1179648K
  class space    used 14782K, committed 15104K, reserved 1048576K
}
Event: 48.174 GC heap after
{Heap after GC invocations=53 (full 0):
 garbage-first heap   total 266240K, used 127195K [0x00000000a0000000, 0x0000000100000000)
  region size 1024K, 2 young (2048K), 2 survivors (2048K)
 Metaspace       used 108759K, committed 109504K, reserved 1179648K
  class space    used 14782K, committed 15104K, reserved 1048576K
}
Event: 52.077 GC heap before
{Heap before GC invocations=53 (full 0):
 garbage-first heap   total 266240K, used 224475K [0x00000000a0000000, 0x0000000100000000)
  region size 1024K, 98 young (100352K), 2 survivors (2048K)
 Metaspace       used 112553K, committed 113280K, reserved 1179648K
  class space    used 15168K, committed 15488K, reserved 1048576K
}
Event: 52.101 GC heap after
{Heap after GC invocations=54 (full 0):
 garbage-first heap   total 266240K, used 133972K [0x00000000a0000000, 0x0000000100000000)
  region size 1024K, 8 young (8192K), 8 survivors (8192K)
 Metaspace       used 112553K, committed 113280K, reserved 1179648K
  class space    used 15168K, committed 15488K, reserved 1048576K
}
Event: 54.736 GC heap before
{Heap before GC invocations=54 (full 0):
 garbage-first heap   total 266240K, used 224084K [0x00000000a0000000, 0x0000000100000000)
  region size 1024K, 96 young (98304K), 8 survivors (8192K)
 Metaspace       used 113943K, committed 114624K, reserved 1179648K
  class space    used 15309K, committed 15616K, reserved 1048576K
}
Event: 54.761 GC heap after
{Heap after GC invocations=55 (full 0):
 garbage-first heap   total 266240K, used 138987K [0x00000000a0000000, 0x0000000100000000)
  region size 1024K, 6 young (6144K), 6 survivors (6144K)
 Metaspace       used 113943K, committed 114624K, reserved 1179648K
  class space    used 15309K, committed 15616K, reserved 1048576K
}
Event: 57.062 GC heap before
{Heap before GC invocations=55 (full 0):
 garbage-first heap   total 266240K, used 208619K [0x00000000a0000000, 0x0000000100000000)
  region size 1024K, 76 young (77824K), 6 survivors (6144K)
 Metaspace       used 116342K, committed 117120K, reserved 1179648K
  class space    used 15593K, committed 16000K, reserved 1048576K
}
Event: 57.084 GC heap after
{Heap after GC invocations=56 (full 0):
 garbage-first heap   total 266240K, used 143926K [0x00000000a0000000, 0x0000000100000000)
  region size 1024K, 10 young (10240K), 10 survivors (10240K)
 Metaspace       used 116342K, committed 117120K, reserved 1179648K
  class space    used 15593K, committed 16000K, reserved 1048576K
}

