# JRE version: OpenJDK Runtime Environment (17.0.11) (build 17.0.11+0--11852314)
# Java VM: OpenJDK 64-Bit Server VM (17.0.11+0--11852314, mixed mode, tiered, compressed oops, compressed class ptrs, g1 gc, windows-amd64)
GC Precious Log:
 CPUs: 8 total, 8 available
 Memory: 16087M
 Large Page Support: Disabled
 NUMA Support: Disabled
 Compressed Oops: Enabled (32-bit)
 Heap Region Size: 1M
 Heap Min Capacity: 8M
 Heap Initial Capacity: 252M
 Heap Max Capacity: 1536M
 Pre-touch: Disabled
 Parallel Workers: 8
 Concurrent Workers: 2
 Concurrent Refinement Workers: 8
 Periodic GC: Disabled
Heap:
 garbage-first heap   total 389120K, used 164360K [0x00000000a0000000, 0x0000000100000000)
  region size 1024K, 42 young (43008K), 8 survivors (8192K)
 Metaspace       used 135973K, committed 136768K, reserved 1179648K
  class space    used 18366K, committed 18752K, reserved 1048576K
GC Heap History (20 events):
Event: 48.977 GC heap before
{Heap before GC invocations=51 (full 0):
 garbage-first heap   total 162816K, used 136073K [0x00000000a0000000, 0x0000000100000000)
  region size 1024K, 45 young (46080K), 6 survivors (6144K)
 Metaspace       used 92179K, committed 92864K, reserved 1179648K
  class space    used 12487K, committed 12800K, reserved 1048576K
}
Event: 48.994 GC heap after
{Heap after GC invocations=52 (full 0):
 garbage-first heap   total 162816K, used 99504K [0x00000000a0000000, 0x0000000100000000)
  region size 1024K, 6 young (6144K), 6 survivors (6144K)
 Metaspace       used 92179K, committed 92864K, reserved 1179648K
  class space    used 12487K, committed 12800K, reserved 1048576K
}
Event: 49.547 GC heap before
{Heap before GC invocations=53 (full 0):
 garbage-first heap   total 194560K, used 136368K [0x00000000a0000000, 0x0000000100000000)
  region size 1024K, 43 young (44032K), 6 survivors (6144K)
 Metaspace       used 92224K, committed 92864K, reserved 1179648K
  class space    used 12490K, committed 12800K, reserved 1048576K
}
Event: 49.558 GC heap after
{Heap after GC invocations=54 (full 0):
 garbage-first heap   total 194560K, used 101617K [0x00000000a0000000, 0x0000000100000000)
  region size 1024K, 5 young (5120K), 5 survivors (5120K)
 Metaspace       used 92224K, committed 92864K, reserved 1179648K
  class space    used 12490K, committed 12800K, reserved 1048576K
}
Event: 49.584 GC heap before
{Heap before GC invocations=54 (full 0):
 garbage-first heap   total 194560K, used 104689K [0x00000000a0000000, 0x0000000100000000)
  region size 1024K, 9 young (9216K), 5 survivors (5120K)
 Metaspace       used 92227K, committed 92864K, reserved 1179648K
  class space    used 12490K, committed 12800K, reserved 1048576K
}
Event: 49.592 GC heap after
{Heap after GC invocations=55 (full 0):
 garbage-first heap   total 194560K, used 101481K [0x00000000a0000000, 0x0000000100000000)
  region size 1024K, 1 young (1024K), 1 survivors (1024K)
 Metaspace       used 92227K, committed 92864K, reserved 1179648K
  class space    used 12490K, committed 12800K, reserved 1048576K
}
Event: 50.596 GC heap before
{Heap before GC invocations=55 (full 0):
 garbage-first heap   total 194560K, used 160873K [0x00000000a0000000, 0x0000000100000000)
  region size 1024K, 60 young (61440K), 1 survivors (1024K)
 Metaspace       used 93577K, committed 94336K, reserved 1179648K
  class space    used 12707K, committed 13056K, reserved 1048576K
}
Event: 50.607 GC heap after
{Heap after GC invocations=56 (full 0):
 garbage-first heap   total 389120K, used 105349K [0x00000000a0000000, 0x0000000100000000)
  region size 1024K, 5 young (5120K), 5 survivors (5120K)
 Metaspace       used 93577K, committed 94336K, reserved 1179648K
  class space    used 12707K, committed 13056K, reserved 1048576K
}
Event: 55.199 GC heap before
{Heap before GC invocations=56 (full 0):
 garbage-first heap   total 389120K, used 316293K [0x00000000a0000000, 0x0000000100000000)
  region size 1024K, 208 young (212992K), 5 survivors (5120K)
 Metaspace       used 109488K, committed 110208K, reserved 1179648K
  class space    used 15235K, committed 15552K, reserved 1048576K
}
Event: 55.212 GC heap after
{Heap after GC invocations=57 (full 0):
 garbage-first heap   total 389120K, used 107440K [0x00000000a0000000, 0x0000000100000000)
  region size 1024K, 7 young (7168K), 7 survivors (7168K)
 Metaspace       used 109488K, committed 110208K, reserved 1179648K
  class space    used 15235K, committed 15552K, reserved 1048576K
}
Event: 56.111 GC heap before
{Heap before GC invocations=57 (full 0):
 garbage-first heap   total 389120K, used 158640K [0x00000000a0000000, 0x0000000100000000)
  region size 1024K, 43 young (44032K), 7 survivors (7168K)
 Metaspace       used 111430K, committed 112128K, reserved 1179648K
  class space    used 15486K, committed 15808K, reserved 1048576K
}
Event: 56.126 GC heap after
{Heap after GC invocations=58 (full 0):
 garbage-first heap   total 389120K, used 126489K [0x00000000a0000000, 0x0000000100000000)
  region size 1024K, 10 young (10240K), 10 survivors (10240K)
 Metaspace       used 111430K, committed 112128K, reserved 1179648K
  class space    used 15486K, committed 15808K, reserved 1048576K
}
Event: 56.178 GC heap before
{Heap before GC invocations=58 (full 0):
 garbage-first heap   total 389120K, used 162329K [0x00000000a0000000, 0x0000000100000000)
  region size 1024K, 12 young (12288K), 10 survivors (10240K)
 Metaspace       used 111431K, committed 112128K, reserved 1179648K
  class space    used 15486K, committed 15808K, reserved 1048576K
}
Event: 56.191 GC heap after
{Heap after GC invocations=59 (full 0):
 garbage-first heap   total 389120K, used 128787K [0x00000000a0000000, 0x0000000100000000)
  region size 1024K, 10 young (10240K), 10 survivors (10240K)
 Metaspace       used 111431K, committed 112128K, reserved 1179648K
  class space    used 15486K, committed 15808K, reserved 1048576K
}
Event: 501.213 GC heap before
{Heap before GC invocations=59 (full 0):
 garbage-first heap   total 389120K, used 324371K [0x00000000a0000000, 0x0000000100000000)
  region size 1024K, 193 young (197632K), 10 survivors (10240K)
 Metaspace       used 118459K, committed 119296K, reserved 1179648K
  class space    used 16123K, committed 16512K, reserved 1048576K
}
Event: 501.274 GC heap after
{Heap after GC invocations=60 (full 0):
 garbage-first heap   total 389120K, used 125538K [0x00000000a0000000, 0x0000000100000000)
  region size 1024K, 25 young (25600K), 25 survivors (25600K)
 Metaspace       used 118459K, committed 119296K, reserved 1179648K
  class space    used 16123K, committed 16512K, reserved 1048576K
}
Event: 509.779 GC heap before
{Heap before GC invocations=60 (full 0):
 garbage-first heap   total 389120K, used 316002K [0x00000000a0000000, 0x0000000100000000)
  region size 1024K, 206 young (210944K), 25 survivors (25600K)
 Metaspace       used 129370K, committed 130240K, reserved 1179648K
  class space    used 17413K, committed 17792K, reserved 1048576K
}
Event: 509.843 GC heap after
{Heap after GC invocations=61 (full 0):
 garbage-first heap   total 389120K, used 135923K [0x00000000a0000000, 0x0000000100000000)
  region size 1024K, 10 young (10240K), 10 survivors (10240K)
 Metaspace       used 129370K, committed 130240K, reserved 1179648K
  class space    used 17413K, committed 17792K, reserved 1048576K
}
Event: 514.575 GC heap before
{Heap before GC invocations=61 (full 0):
 garbage-first heap   total 389120K, used 314099K [0x00000000a0000000, 0x0000000100000000)
  region size 1024K, 185 young (189440K), 10 survivors (10240K)
 Metaspace       used 135907K, committed 136768K, reserved 1179648K
  class space    used 18361K, committed 18752K, reserved 1048576K
}
Event: 514.595 GC heap after
{Heap after GC invocations=62 (full 0):
 garbage-first heap   total 389120K, used 131592K [0x00000000a0000000, 0x0000000100000000)
  region size 1024K, 8 young (8192K), 8 survivors (8192K)
 Metaspace       used 135907K, committed 136768K, reserved 1179648K
  class space    used 18361K, committed 18752K, reserved 1048576K
}

