# JRE version: OpenJDK Runtime Environment (17.0.11) (build 17.0.11+0--11852314)
# Java VM: OpenJDK 64-Bit Server VM (17.0.11+0--11852314, mixed mode, tiered, compressed oops, compressed class ptrs, g1 gc, windows-amd64)
GC Precious Log:
 CPUs: 8 total, 8 available
 Memory: 16087M
 Large Page Support: Disabled
 NUMA Support: Disabled
 Compressed Oops: Enabled (32-bit)
 Heap Region Size: 1M
 Heap Min Capacity: 8M
 Heap Initial Capacity: 252M
 Heap Max Capacity: 1536M
 Pre-touch: Disabled
 Parallel Workers: 8
 Concurrent Workers: 2
 Concurrent Refinement Workers: 8
 Periodic GC: Disabled
Heap:
 garbage-first heap   total 278528K, used 207992K [0x00000000a0000000, 0x0000000100000000)
  region size 1024K, 54 young (55296K), 1 survivors (1024K)
 Metaspace       used 123430K, committed 124416K, reserved 1179648K
  class space    used 16096K, committed 16576K, reserved 1048576K
GC Heap History (20 events):
Event: 35.251 GC heap before
{Heap before GC invocations=52 (full 0):
 garbage-first heap   total 224256K, used 169981K [0x00000000a0000000, 0x0000000100000000)
  region size 1024K, 46 young (47104K), 4 survivors (4096K)
 Metaspace       used 103254K, committed 104000K, reserved 1179648K
  class space    used 13876K, committed 14208K, reserved 1048576K
}
Event: 35.264 GC heap after
{Heap after GC invocations=53 (full 0):
 garbage-first heap   total 224256K, used 131476K [0x00000000a0000000, 0x0000000100000000)
  region size 1024K, 4 young (4096K), 4 survivors (4096K)
 Metaspace       used 103254K, committed 104000K, reserved 1179648K
  class space    used 13876K, committed 14208K, reserved 1048576K
}
Event: 35.434 GC heap before
{Heap before GC invocations=53 (full 0):
 garbage-first heap   total 224256K, used 137620K [0x00000000a0000000, 0x0000000100000000)
  region size 1024K, 10 young (10240K), 4 survivors (4096K)
 Metaspace       used 103413K, committed 104192K, reserved 1179648K
  class space    used 13897K, committed 14272K, reserved 1048576K
}
Event: 35.443 GC heap after
{Heap after GC invocations=54 (full 0):
 garbage-first heap   total 224256K, used 131874K [0x00000000a0000000, 0x0000000100000000)
  region size 1024K, 1 young (1024K), 1 survivors (1024K)
 Metaspace       used 103413K, committed 104192K, reserved 1179648K
  class space    used 13897K, committed 14272K, reserved 1048576K
}
Event: 37.023 GC heap before
{Heap before GC invocations=54 (full 0):
 garbage-first heap   total 224256K, used 182050K [0x00000000a0000000, 0x0000000100000000)
  region size 1024K, 50 young (51200K), 1 survivors (1024K)
 Metaspace       used 105435K, committed 106240K, reserved 1179648K
  class space    used 14144K, committed 14528K, reserved 1048576K
}
Event: 37.039 GC heap after
{Heap after GC invocations=55 (full 0):
 garbage-first heap   total 269312K, used 135604K [0x00000000a0000000, 0x0000000100000000)
  region size 1024K, 5 young (5120K), 5 survivors (5120K)
 Metaspace       used 105435K, committed 106240K, reserved 1179648K
  class space    used 14144K, committed 14528K, reserved 1048576K
}
Event: 46.836 GC heap before
{Heap before GC invocations=55 (full 0):
 garbage-first heap   total 269312K, used 215476K [0x00000000a0000000, 0x0000000100000000)
  region size 1024K, 84 young (86016K), 5 survivors (5120K)
 Metaspace       used 112203K, committed 113024K, reserved 1179648K
  class space    used 14950K, committed 15360K, reserved 1048576K
}
Event: 46.850 GC heap after
{Heap after GC invocations=56 (full 0):
 garbage-first heap   total 269312K, used 140457K [0x00000000a0000000, 0x0000000100000000)
  region size 1024K, 10 young (10240K), 10 survivors (10240K)
 Metaspace       used 112203K, committed 113024K, reserved 1179648K
  class space    used 14950K, committed 15360K, reserved 1048576K
}
Event: 85.851 GC heap before
{Heap before GC invocations=56 (full 0):
 garbage-first heap   total 269312K, used 214185K [0x00000000a0000000, 0x0000000100000000)
  region size 1024K, 83 young (84992K), 10 survivors (10240K)
 Metaspace       used 114605K, committed 115456K, reserved 1179648K
  class space    used 15227K, committed 15616K, reserved 1048576K
}
Event: 85.873 GC heap after
{Heap after GC invocations=57 (full 0):
 garbage-first heap   total 269312K, used 143288K [0x00000000a0000000, 0x0000000100000000)
  region size 1024K, 8 young (8192K), 8 survivors (8192K)
 Metaspace       used 114605K, committed 115456K, reserved 1179648K
  class space    used 15227K, committed 15616K, reserved 1048576K
}
Event: 160.609 GC heap before
{Heap before GC invocations=58 (full 0):
 garbage-first heap   total 269312K, used 219064K [0x00000000a0000000, 0x0000000100000000)
  region size 1024K, 83 young (84992K), 8 survivors (8192K)
 Metaspace       used 119093K, committed 119936K, reserved 1179648K
  class space    used 15617K, committed 16000K, reserved 1048576K
}
Event: 160.646 GC heap after
{Heap after GC invocations=59 (full 0):
 garbage-first heap   total 269312K, used 149137K [0x00000000a0000000, 0x0000000100000000)
  region size 1024K, 9 young (9216K), 9 survivors (9216K)
 Metaspace       used 119093K, committed 119936K, reserved 1179648K
  class space    used 15617K, committed 16000K, reserved 1048576K
}
Event: 160.812 GC heap before
{Heap before GC invocations=59 (full 0):
 garbage-first heap   total 269312K, used 153233K [0x00000000a0000000, 0x0000000100000000)
  region size 1024K, 13 young (13312K), 9 survivors (9216K)
 Metaspace       used 119251K, committed 120128K, reserved 1179648K
  class space    used 15634K, committed 16064K, reserved 1048576K
}
Event: 160.840 GC heap after
{Heap after GC invocations=60 (full 0):
 garbage-first heap   total 269312K, used 149680K [0x00000000a0000000, 0x0000000100000000)
  region size 1024K, 2 young (2048K), 2 survivors (2048K)
 Metaspace       used 119251K, committed 120128K, reserved 1179648K
  class space    used 15634K, committed 16064K, reserved 1048576K
}
Event: 162.762 GC heap before
{Heap before GC invocations=60 (full 0):
 garbage-first heap   total 269312K, used 209072K [0x00000000a0000000, 0x0000000100000000)
  region size 1024K, 62 young (63488K), 2 survivors (2048K)
 Metaspace       used 120364K, committed 121216K, reserved 1179648K
  class space    used 15795K, committed 16192K, reserved 1048576K
}
Event: 162.787 GC heap after
{Heap after GC invocations=61 (full 0):
 garbage-first heap   total 269312K, used 154371K [0x00000000a0000000, 0x0000000100000000)
  region size 1024K, 6 young (6144K), 6 survivors (6144K)
 Metaspace       used 120364K, committed 121216K, reserved 1179648K
  class space    used 15795K, committed 16192K, reserved 1048576K
}
Event: 165.251 GC heap before
{Heap before GC invocations=62 (full 0):
 garbage-first heap   total 278528K, used 221955K [0x00000000a0000000, 0x0000000100000000)
  region size 1024K, 72 young (73728K), 6 survivors (6144K)
 Metaspace       used 121892K, committed 122816K, reserved 1179648K
  class space    used 15988K, committed 16448K, reserved 1048576K
}
Event: 165.281 GC heap after
{Heap after GC invocations=63 (full 0):
 garbage-first heap   total 278528K, used 159111K [0x00000000a0000000, 0x0000000100000000)
  region size 1024K, 5 young (5120K), 5 survivors (5120K)
 Metaspace       used 121892K, committed 122816K, reserved 1179648K
  class space    used 15988K, committed 16448K, reserved 1048576K
}
Event: 165.697 GC heap before
{Heap before GC invocations=63 (full 0):
 garbage-first heap   total 278528K, used 166279K [0x00000000a0000000, 0x0000000100000000)
  region size 1024K, 13 young (13312K), 5 survivors (5120K)
 Metaspace       used 122591K, committed 123520K, reserved 1179648K
  class space    used 16057K, committed 16512K, reserved 1048576K
}
Event: 165.716 GC heap after
{Heap after GC invocations=64 (full 0):
 garbage-first heap   total 278528K, used 155768K [0x00000000a0000000, 0x0000000100000000)
  region size 1024K, 1 young (1024K), 1 survivors (1024K)
 Metaspace       used 122591K, committed 123520K, reserved 1179648K
  class space    used 16057K, committed 16512K, reserved 1048576K
}

