# JRE version: OpenJDK Runtime Environment Temurin-21.0.10+7 (21.0.10+7) (build 21.0.10+7-LTS)
# Java VM: OpenJDK 64-Bit Server VM Temurin-21.0.10+7 (21.0.10+7-LTS, mixed mode, sharing, tiered, compressed oops, compressed class ptrs, parallel gc, windows-amd64)
GC Precious Log:
 CardTable entry size: 512
 CPUs: 8 total, 8 available
 Memory: 16087M
 Large Page Support: Disabled
 NUMA Support: Disabled
 Compressed Oops: Enabled (32-bit)
 Alignments: Space 512K, Generation 512K, Heap 2M
 Heap Min Capacity: 100M
 Heap Initial Capacity: 100M
 Heap Max Capacity: 2G
 Pre-touch: Disabled
 Parallel Workers: 8
Heap:
 PSYoungGen      total 13312K, used 13292K [0x00000000d5580000, 0x00000000d6b00000, 0x0000000100000000)
  eden space 11776K, 100% used [0x00000000d5580000,0x00000000d6100000,0x00000000d6100000)
  from space 1536K, 98% used [0x00000000d6200000,0x00000000d637b350,0x00000000d6380000)
  to   space 5120K, 54% used [0x00000000d6600000,0x00000000d68bb370,0x00000000d6b00000)
 ParOldGen       total 120832K, used 120831K [0x0000000080000000, 0x0000000087600000, 0x00000000d5580000)
  object space 120832K, 99% used [0x0000000080000000,0x00000000875ffff8,0x0000000087600000)
 Metaspace       used 83947K, committed 85696K, reserved 1179648K
  class space    used 9926K, committed 10688K, reserved 1048576K
GC Heap History (20 events):
Event: 56.028 GC heap after
{Heap after GC invocations=76 (full 3):
 PSYoungGen      total 20480K, used 6325K [0x00000000d5580000, 0x00000000d7200000, 0x0000000100000000)
  eden space 13824K, 0% used [0x00000000d5580000,0x00000000d5580000,0x00000000d6300000)
  from space 6656K, 95% used [0x00000000d6300000,0x00000000d692d758,0x00000000d6980000)
  to   space 7680K, 0% used [0x00000000d6a80000,0x00000000d6a80000,0x00000000d7200000)
 ParOldGen       total 93184K, used 92857K [0x0000000080000000, 0x0000000085b00000, 0x00000000d5580000)
  object space 93184K, 99% used [0x0000000080000000,0x0000000085aae5d8,0x0000000085b00000)
 Metaspace       used 80984K, committed 82752K, reserved 1179648K
  class space    used 9692K, committed 10496K, reserved 1048576K
}
Event: 56.379 GC heap before
{Heap before GC invocations=77 (full 3):
 PSYoungGen      total 20480K, used 18957K [0x00000000d5580000, 0x00000000d7200000, 0x0000000100000000)
  eden space 13824K, 91% used [0x00000000d5580000,0x00000000d61d5ce0,0x00000000d6300000)
  from space 6656K, 95% used [0x00000000d6300000,0x00000000d692d758,0x00000000d6980000)
  to   space 7680K, 0% used [0x00000000d6a80000,0x00000000d6a80000,0x00000000d7200000)
 ParOldGen       total 93184K, used 92857K [0x0000000080000000, 0x0000000085b00000, 0x00000000d5580000)
  object space 93184K, 99% used [0x0000000080000000,0x0000000085aae5d8,0x0000000085b00000)
 Metaspace       used 81126K, committed 82944K, reserved 1179648K
  class space    used 9701K, committed 10496K, reserved 1048576K
}
Event: 56.413 GC heap after
{Heap after GC invocations=77 (full 3):
 PSYoungGen      total 17408K, used 3554K [0x00000000d5580000, 0x00000000d6e00000, 0x0000000100000000)
  eden space 13824K, 0% used [0x00000000d5580000,0x00000000d5580000,0x00000000d6300000)
  from space 3584K, 99% used [0x00000000d6a80000,0x00000000d6df89c0,0x00000000d6e00000)
  to   space 5120K, 0% used [0x00000000d6400000,0x00000000d6400000,0x00000000d6900000)
 ParOldGen       total 99328K, used 99305K [0x0000000080000000, 0x0000000086100000, 0x00000000d5580000)
  object space 99328K, 99% used [0x0000000080000000,0x00000000860fa5c8,0x0000000086100000)
 Metaspace       used 81126K, committed 82944K, reserved 1179648K
  class space    used 9701K, committed 10496K, reserved 1048576K
}
Event: 56.836 GC heap before
{Heap before GC invocations=78 (full 3):
 PSYoungGen      total 17408K, used 17378K [0x00000000d5580000, 0x00000000d6e00000, 0x0000000100000000)
  eden space 13824K, 100% used [0x00000000d5580000,0x00000000d6300000,0x00000000d6300000)
  from space 3584K, 99% used [0x00000000d6a80000,0x00000000d6df89c0,0x00000000d6e00000)
  to   space 5120K, 0% used [0x00000000d6400000,0x00000000d6400000,0x00000000d6900000)
 ParOldGen       total 99328K, used 99305K [0x0000000080000000, 0x0000000086100000, 0x00000000d5580000)
  object space 99328K, 99% used [0x0000000080000000,0x00000000860fa5c8,0x0000000086100000)
 Metaspace       used 81335K, committed 83136K, reserved 1179648K
  class space    used 9709K, committed 10496K, reserved 1048576K
}
Event: 56.852 GC heap after
{Heap after GC invocations=78 (full 3):
 PSYoungGen      total 17920K, used 3661K [0x00000000d5580000, 0x00000000d6b00000, 0x0000000100000000)
  eden space 13824K, 0% used [0x00000000d5580000,0x00000000d5580000,0x00000000d6300000)
  from space 4096K, 89% used [0x00000000d6400000,0x00000000d67934b0,0x00000000d6800000)
  to   space 3072K, 0% used [0x00000000d6800000,0x00000000d6800000,0x00000000d6b00000)
 ParOldGen       total 102912K, used 102727K [0x0000000080000000, 0x0000000086480000, 0x00000000d5580000)
  object space 102912K, 99% used [0x0000000080000000,0x0000000086451fc8,0x0000000086480000)
 Metaspace       used 81335K, committed 83136K, reserved 1179648K
  class space    used 9709K, committed 10496K, reserved 1048576K
}
Event: 57.089 GC heap before
{Heap before GC invocations=79 (full 3):
 PSYoungGen      total 17920K, used 17476K [0x00000000d5580000, 0x00000000d6b00000, 0x0000000100000000)
  eden space 13824K, 99% used [0x00000000d5580000,0x00000000d62fdc08,0x00000000d6300000)
  from space 4096K, 89% used [0x00000000d6400000,0x00000000d67934b0,0x00000000d6800000)
  to   space 3072K, 0% used [0x00000000d6800000,0x00000000d6800000,0x00000000d6b00000)
 ParOldGen       total 102912K, used 102727K [0x0000000080000000, 0x0000000086480000, 0x00000000d5580000)
  object space 102912K, 99% used [0x0000000080000000,0x0000000086451fc8,0x0000000086480000)
 Metaspace       used 81421K, committed 83264K, reserved 1179648K
  class space    used 9717K, committed 10560K, reserved 1048576K
}
Event: 57.101 GC heap after
{Heap after GC invocations=79 (full 3):
 PSYoungGen      total 14848K, used 3068K [0x00000000d5580000, 0x00000000d7100000, 0x0000000100000000)
  eden space 11776K, 0% used [0x00000000d5580000,0x00000000d5580000,0x00000000d6100000)
  from space 3072K, 99% used [0x00000000d6800000,0x00000000d6aff380,0x00000000d6b00000)
  to   space 7168K, 0% used [0x00000000d6100000,0x00000000d6100000,0x00000000d6800000)
 ParOldGen       total 106496K, used 106148K [0x0000000080000000, 0x0000000086800000, 0x00000000d5580000)
  object space 106496K, 99% used [0x0000000080000000,0x00000000867a9210,0x0000000086800000)
 Metaspace       used 81421K, committed 83264K, reserved 1179648K
  class space    used 9717K, committed 10560K, reserved 1048576K
}
Event: 57.400 GC heap before
{Heap before GC invocations=80 (full 3):
 PSYoungGen      total 14848K, used 14844K [0x00000000d5580000, 0x00000000d7100000, 0x0000000100000000)
  eden space 11776K, 100% used [0x00000000d5580000,0x00000000d6100000,0x00000000d6100000)
  from space 3072K, 99% used [0x00000000d6800000,0x00000000d6aff380,0x00000000d6b00000)
  to   space 7168K, 0% used [0x00000000d6100000,0x00000000d6100000,0x00000000d6800000)
 ParOldGen       total 106496K, used 106148K [0x0000000080000000, 0x0000000086800000, 0x00000000d5580000)
  object space 106496K, 99% used [0x0000000080000000,0x00000000867a9210,0x0000000086800000)
 Metaspace       used 81534K, committed 83328K, reserved 1179648K
  class space    used 9718K, committed 10560K, reserved 1048576K
}
Event: 57.426 GC heap after
{Heap after GC invocations=80 (full 3):
 PSYoungGen      total 16384K, used 4245K [0x00000000d5580000, 0x00000000d6b00000, 0x0000000100000000)
  eden space 11776K, 0% used [0x00000000d5580000,0x00000000d5580000,0x00000000d6100000)
  from space 4608K, 92% used [0x00000000d6100000,0x00000000d6525738,0x00000000d6580000)
  to   space 5120K, 0% used [0x00000000d6600000,0x00000000d6600000,0x00000000d6b00000)
 ParOldGen       total 109568K, used 109100K [0x0000000080000000, 0x0000000086b00000, 0x00000000d5580000)
  object space 109568K, 99% used [0x0000000080000000,0x0000000086a8b3b0,0x0000000086b00000)
 Metaspace       used 81534K, committed 83328K, reserved 1179648K
  class space    used 9718K, committed 10560K, reserved 1048576K
}
Event: 57.773 GC heap before
{Heap before GC invocations=81 (full 3):
 PSYoungGen      total 16384K, used 16018K [0x00000000d5580000, 0x00000000d6b00000, 0x0000000100000000)
  eden space 11776K, 99% used [0x00000000d5580000,0x00000000d60ff378,0x00000000d6100000)
  from space 4608K, 92% used [0x00000000d6100000,0x00000000d6525738,0x00000000d6580000)
  to   space 5120K, 0% used [0x00000000d6600000,0x00000000d6600000,0x00000000d6b00000)
 ParOldGen       total 109568K, used 109100K [0x0000000080000000, 0x0000000086b00000, 0x00000000d5580000)
  object space 109568K, 99% used [0x0000000080000000,0x0000000086a8b3b0,0x0000000086b00000)
 Metaspace       used 81655K, committed 83456K, reserved 1179648K
  class space    used 9728K, committed 10560K, reserved 1048576K
}
Event: 57.786 GC heap after
{Heap after GC invocations=81 (full 3):
 PSYoungGen      total 15360K, used 3365K [0x00000000d5580000, 0x00000000d6980000, 0x0000000100000000)
  eden space 11776K, 0% used [0x00000000d5580000,0x00000000d5580000,0x00000000d6100000)
  from space 3584K, 93% used [0x00000000d6600000,0x00000000d6949620,0x00000000d6980000)
  to   space 4096K, 0% used [0x00000000d6180000,0x00000000d6180000,0x00000000d6580000)
 ParOldGen       total 114176K, used 113790K [0x0000000080000000, 0x0000000086f80000, 0x00000000d5580000)
  object space 114176K, 99% used [0x0000000080000000,0x0000000086f1f848,0x0000000086f80000)
 Metaspace       used 81655K, committed 83456K, reserved 1179648K
  class space    used 9728K, committed 10560K, reserved 1048576K
}
Event: 58.419 GC heap before
{Heap before GC invocations=82 (full 3):
 PSYoungGen      total 15360K, used 15141K [0x00000000d5580000, 0x00000000d6980000, 0x0000000100000000)
  eden space 11776K, 100% used [0x00000000d5580000,0x00000000d6100000,0x00000000d6100000)
  from space 3584K, 93% used [0x00000000d6600000,0x00000000d6949620,0x00000000d6980000)
  to   space 4096K, 0% used [0x00000000d6180000,0x00000000d6180000,0x00000000d6580000)
 ParOldGen       total 114176K, used 113790K [0x0000000080000000, 0x0000000086f80000, 0x00000000d5580000)
  object space 114176K, 99% used [0x0000000080000000,0x0000000086f1f848,0x0000000086f80000)
 Metaspace       used 82455K, committed 84160K, reserved 1179648K
  class space    used 9783K, committed 10560K, reserved 1048576K
}
Event: 58.429 GC heap after
{Heap after GC invocations=82 (full 3):
 PSYoungGen      total 13824K, used 1882K [0x00000000d5580000, 0x00000000d6680000, 0x0000000100000000)
  eden space 11776K, 0% used [0x00000000d5580000,0x00000000d5580000,0x00000000d6100000)
  from space 2048K, 91% used [0x00000000d6180000,0x00000000d6356878,0x00000000d6380000)
  to   space 2560K, 0% used [0x00000000d6400000,0x00000000d6400000,0x00000000d6680000)
 ParOldGen       total 116224K, used 116154K [0x0000000080000000, 0x0000000087180000, 0x00000000d5580000)
  object space 116224K, 99% used [0x0000000080000000,0x000000008716e9a8,0x0000000087180000)
 Metaspace       used 82455K, committed 84160K, reserved 1179648K
  class space    used 9783K, committed 10560K, reserved 1048576K
}
Event: 59.093 GC heap before
{Heap before GC invocations=83 (full 3):
 PSYoungGen      total 13824K, used 13658K [0x00000000d5580000, 0x00000000d6680000, 0x0000000100000000)
  eden space 11776K, 100% used [0x00000000d5580000,0x00000000d6100000,0x00000000d6100000)
  from space 2048K, 91% used [0x00000000d6180000,0x00000000d6356878,0x00000000d6380000)
  to   space 2560K, 0% used [0x00000000d6400000,0x00000000d6400000,0x00000000d6680000)
 ParOldGen       total 116224K, used 116154K [0x0000000080000000, 0x0000000087180000, 0x00000000d5580000)
  object space 116224K, 99% used [0x0000000080000000,0x000000008716e9a8,0x0000000087180000)
 Metaspace       used 83629K, committed 85376K, reserved 1179648K
  class space    used 9914K, committed 10688K, reserved 1048576K
}
Event: 59.100 GC heap after
{Heap after GC invocations=83 (full 3):
 PSYoungGen      total 12800K, used 862K [0x00000000d5580000, 0x00000000d6500000, 0x0000000100000000)
  eden space 11776K, 0% used [0x00000000d5580000,0x00000000d5580000,0x00000000d6100000)
  from space 1024K, 84% used [0x00000000d6400000,0x00000000d64d7b98,0x00000000d6500000)
  to   space 1536K, 0% used [0x00000000d6200000,0x00000000d6200000,0x00000000d6380000)
 ParOldGen       total 117760K, used 117435K [0x0000000080000000, 0x0000000087300000, 0x00000000d5580000)
  object space 117760K, 99% used [0x0000000080000000,0x00000000872aef58,0x0000000087300000)
 Metaspace       used 83629K, committed 85376K, reserved 1179648K
  class space    used 9914K, committed 10688K, reserved 1048576K
}
Event: 59.893 GC heap before
{Heap before GC invocations=84 (full 3):
 PSYoungGen      total 12800K, used 12638K [0x00000000d5580000, 0x00000000d6500000, 0x0000000100000000)
  eden space 11776K, 100% used [0x00000000d5580000,0x00000000d6100000,0x00000000d6100000)
  from space 1024K, 84% used [0x00000000d6400000,0x00000000d64d7b98,0x00000000d6500000)
  to   space 1536K, 0% used [0x00000000d6200000,0x00000000d6200000,0x00000000d6380000)
 ParOldGen       total 117760K, used 117435K [0x0000000080000000, 0x0000000087300000, 0x00000000d5580000)
  object space 117760K, 99% used [0x0000000080000000,0x00000000872aef58,0x0000000087300000)
 Metaspace       used 83779K, committed 85504K, reserved 1179648K
  class space    used 9918K, committed 10688K, reserved 1048576K
}
Event: 59.904 GC heap after
{Heap after GC invocations=84 (full 3):
 PSYoungGen      total 13312K, used 1516K [0x00000000d5580000, 0x00000000d6b00000, 0x0000000100000000)
  eden space 11776K, 0% used [0x00000000d5580000,0x00000000d5580000,0x00000000d6100000)
  from space 1536K, 98% used [0x00000000d6200000,0x00000000d637b350,0x00000000d6380000)
  to   space 5120K, 0% used [0x00000000d6600000,0x00000000d6600000,0x00000000d6b00000)
 ParOldGen       total 120832K, used 120320K [0x0000000080000000, 0x0000000087600000, 0x00000000d5580000)
  object space 120832K, 99% used [0x0000000080000000,0x00000000875803a8,0x0000000087600000)
 Metaspace       used 83779K, committed 85504K, reserved 1179648K
  class space    used 9918K, committed 10688K, reserved 1048576K
}
Event: 60.410 GC heap before
{Heap before GC invocations=85 (full 3):
 PSYoungGen      total 13312K, used 13292K [0x00000000d5580000, 0x00000000d6b00000, 0x0000000100000000)
  eden space 11776K, 100% used [0x00000000d5580000,0x00000000d6100000,0x00000000d6100000)
  from space 1536K, 98% used [0x00000000d6200000,0x00000000d637b350,0x00000000d6380000)
  to   space 5120K, 0% used [0x00000000d6600000,0x00000000d6600000,0x00000000d6b00000)
 ParOldGen       total 120832K, used 120320K [0x0000000080000000, 0x0000000087600000, 0x00000000d5580000)
  object space 120832K, 99% used [0x0000000080000000,0x00000000875803a8,0x0000000087600000)
 Metaspace       used 83947K, committed 85696K, reserved 1179648K
  class space    used 9926K, committed 10688K, reserved 1048576K
}
Event: 60.423 GC heap after
{Heap after GC invocations=85 (full 3):
 PSYoungGen      total 13312K, used 13292K [0x00000000d5580000, 0x00000000d6b00000, 0x0000000100000000)
  eden space 11776K, 100% used [0x00000000d5580000,0x00000000d6100000,0x00000000d6100000)
  from space 1536K, 98% used [0x00000000d6200000,0x00000000d637b350,0x00000000d6380000)
  to   space 5120K, 54% used [0x00000000d6600000,0x00000000d68bb370,0x00000000d6b00000)
 ParOldGen       total 120832K, used 120831K [0x0000000080000000, 0x0000000087600000, 0x00000000d5580000)
  object space 120832K, 99% used [0x0000000080000000,0x00000000875ffff8,0x0000000087600000)
 Metaspace       used 83947K, committed 85696K, reserved 1179648K
  class space    used 9926K, committed 10688K, reserved 1048576K
}
Event: 60.423 GC heap before
{Heap before GC invocations=86 (full 4):
 PSYoungGen      total 13312K, used 13292K [0x00000000d5580000, 0x00000000d6b00000, 0x0000000100000000)
  eden space 11776K, 100% used [0x00000000d5580000,0x00000000d6100000,0x00000000d6100000)
  from space 1536K, 98% used [0x00000000d6200000,0x00000000d637b350,0x00000000d6380000)
  to   space 5120K, 54% used [0x00000000d6600000,0x00000000d68bb370,0x00000000d6b00000)
 ParOldGen       total 120832K, used 120831K [0x0000000080000000, 0x0000000087600000, 0x00000000d5580000)
  object space 120832K, 99% used [0x0000000080000000,0x00000000875ffff8,0x0000000087600000)
 Metaspace       used 83947K, committed 85696K, reserved 1179648K
  class space    used 9926K, committed 10688K, reserved 1048576K
}

