# JRE version: OpenJDK Runtime Environment (17.0.11) (build 17.0.11+0--11852314)
# Java VM: OpenJDK 64-Bit Server VM (17.0.11+0--11852314, mixed mode, tiered, compressed oops, compressed class ptrs, g1 gc, windows-amd64)
GC Precious Log:
 CPUs: 8 total, 8 available
 Memory: 16087M
 Large Page Support: Disabled
 NUMA Support: Disabled
 Compressed Oops: Enabled (32-bit)
 Heap Region Size: 1M
 Heap Min Capacity: 8M
 Heap Initial Capacity: 252M
 Heap Max Capacity: 1536M
 Pre-touch: Disabled
 Parallel Workers: 8
 Concurrent Workers: 2
 Concurrent Refinement Workers: 8
 Periodic GC: Disabled
Heap:
 garbage-first heap   total 219136K, used 159654K [0x00000000a0000000, 0x0000000100000000)
  region size 1024K, 54 young (55296K), 6 survivors (6144K)
 Metaspace       used 99268K, committed 99968K, reserved 1179648K
  class space    used 13418K, committed 13760K, reserved 1048576K
GC Heap History (20 events):
Event: 41.260 GC heap before
{Heap before GC invocations=42 (full 0):
 garbage-first heap   total 219136K, used 104987K [0x00000000a0000000, 0x0000000100000000)
  region size 1024K, 13 young (13312K), 12 survivors (12288K)
 Metaspace       used 97500K, committed 98176K, reserved 1179648K
  class space    used 13210K, committed 13504K, reserved 1048576K
}
Event: 41.281 GC heap after
{Heap after GC invocations=43 (full 0):
 garbage-first heap   total 219136K, used 105851K [0x00000000a0000000, 0x0000000100000000)
  region size 1024K, 2 young (2048K), 2 survivors (2048K)
 Metaspace       used 97500K, committed 98176K, reserved 1179648K
  class space    used 13210K, committed 13504K, reserved 1048576K
}
Event: 43.022 GC heap before
{Heap before GC invocations=43 (full 0):
 garbage-first heap   total 219136K, used 178555K [0x00000000a0000000, 0x0000000100000000)
  region size 1024K, 73 young (74752K), 2 survivors (2048K)
 Metaspace       used 97541K, committed 98176K, reserved 1179648K
  class space    used 13210K, committed 13504K, reserved 1048576K
}
Event: 43.027 GC heap after
{Heap after GC invocations=44 (full 0):
 garbage-first heap   total 219136K, used 105994K [0x00000000a0000000, 0x0000000100000000)
  region size 1024K, 2 young (2048K), 2 survivors (2048K)
 Metaspace       used 97541K, committed 98176K, reserved 1179648K
  class space    used 13210K, committed 13504K, reserved 1048576K
}
Event: 45.940 GC heap before
{Heap before GC invocations=44 (full 0):
 garbage-first heap   total 219136K, used 180746K [0x00000000a0000000, 0x0000000100000000)
  region size 1024K, 75 young (76800K), 2 survivors (2048K)
 Metaspace       used 97637K, committed 98368K, reserved 1179648K
  class space    used 13216K, committed 13568K, reserved 1048576K
}
Event: 45.955 GC heap after
{Heap after GC invocations=45 (full 0):
 garbage-first heap   total 219136K, used 108630K [0x00000000a0000000, 0x0000000100000000)
  region size 1024K, 5 young (5120K), 5 survivors (5120K)
 Metaspace       used 97637K, committed 98368K, reserved 1179648K
  class space    used 13216K, committed 13568K, reserved 1048576K
}
Event: 47.383 GC heap before
{Heap before GC invocations=45 (full 0):
 garbage-first heap   total 219136K, used 181334K [0x00000000a0000000, 0x0000000100000000)
  region size 1024K, 77 young (78848K), 5 survivors (5120K)
 Metaspace       used 97777K, committed 98432K, reserved 1179648K
  class space    used 13247K, committed 13568K, reserved 1048576K
}
Event: 47.391 GC heap after
{Heap after GC invocations=46 (full 0):
 garbage-first heap   total 219136K, used 107992K [0x00000000a0000000, 0x0000000100000000)
  region size 1024K, 4 young (4096K), 4 survivors (4096K)
 Metaspace       used 97777K, committed 98432K, reserved 1179648K
  class space    used 13247K, committed 13568K, reserved 1048576K
}
Event: 48.272 GC heap before
{Heap before GC invocations=46 (full 0):
 garbage-first heap   total 219136K, used 182744K [0x00000000a0000000, 0x0000000100000000)
  region size 1024K, 77 young (78848K), 4 survivors (4096K)
 Metaspace       used 97779K, committed 98432K, reserved 1179648K
  class space    used 13247K, committed 13568K, reserved 1048576K
}
Event: 48.277 GC heap after
{Heap after GC invocations=47 (full 0):
 garbage-first heap   total 219136K, used 107988K [0x00000000a0000000, 0x0000000100000000)
  region size 1024K, 4 young (4096K), 4 survivors (4096K)
 Metaspace       used 97779K, committed 98432K, reserved 1179648K
  class space    used 13247K, committed 13568K, reserved 1048576K
}
Event: 49.075 GC heap before
{Heap before GC invocations=47 (full 0):
 garbage-first heap   total 219136K, used 184788K [0x00000000a0000000, 0x0000000100000000)
  region size 1024K, 79 young (80896K), 4 survivors (4096K)
 Metaspace       used 97787K, committed 98432K, reserved 1179648K
  class space    used 13247K, committed 13568K, reserved 1048576K
}
Event: 49.088 GC heap after
{Heap after GC invocations=48 (full 0):
 garbage-first heap   total 219136K, used 112069K [0x00000000a0000000, 0x0000000100000000)
  region size 1024K, 8 young (8192K), 8 survivors (8192K)
 Metaspace       used 97787K, committed 98432K, reserved 1179648K
  class space    used 13247K, committed 13568K, reserved 1048576K
}
Event: 49.998 GC heap before
{Heap before GC invocations=48 (full 0):
 garbage-first heap   total 219136K, used 185797K [0x00000000a0000000, 0x0000000100000000)
  region size 1024K, 79 young (80896K), 8 survivors (8192K)
 Metaspace       used 97790K, committed 98432K, reserved 1179648K
  class space    used 13247K, committed 13568K, reserved 1048576K
}
Event: 50.004 GC heap after
{Heap after GC invocations=49 (full 0):
 garbage-first heap   total 219136K, used 111310K [0x00000000a0000000, 0x0000000100000000)
  region size 1024K, 5 young (5120K), 5 survivors (5120K)
 Metaspace       used 97790K, committed 98432K, reserved 1179648K
  class space    used 13247K, committed 13568K, reserved 1048576K
}
Event: 51.308 GC heap before
{Heap before GC invocations=49 (full 0):
 garbage-first heap   total 219136K, used 184014K [0x00000000a0000000, 0x0000000100000000)
  region size 1024K, 77 young (78848K), 5 survivors (5120K)
 Metaspace       used 97889K, committed 98560K, reserved 1179648K
  class space    used 13264K, committed 13568K, reserved 1048576K
}
Event: 51.311 GC heap after
{Heap after GC invocations=50 (full 0):
 garbage-first heap   total 219136K, used 111888K [0x00000000a0000000, 0x0000000100000000)
  region size 1024K, 6 young (6144K), 6 survivors (6144K)
 Metaspace       used 97889K, committed 98560K, reserved 1179648K
  class space    used 13264K, committed 13568K, reserved 1048576K
}
Event: 52.618 GC heap before
{Heap before GC invocations=50 (full 0):
 garbage-first heap   total 219136K, used 184592K [0x00000000a0000000, 0x0000000100000000)
  region size 1024K, 78 young (79872K), 6 survivors (6144K)
 Metaspace       used 97909K, committed 98624K, reserved 1179648K
  class space    used 13265K, committed 13568K, reserved 1048576K
}
Event: 52.621 GC heap after
{Heap after GC invocations=51 (full 0):
 garbage-first heap   total 219136K, used 111599K [0x00000000a0000000, 0x0000000100000000)
  region size 1024K, 5 young (5120K), 5 survivors (5120K)
 Metaspace       used 97909K, committed 98624K, reserved 1179648K
  class space    used 13265K, committed 13568K, reserved 1048576K
}
Event: 54.394 GC heap before
{Heap before GC invocations=51 (full 0):
 garbage-first heap   total 219136K, used 187375K [0x00000000a0000000, 0x0000000100000000)
  region size 1024K, 80 young (81920K), 5 survivors (5120K)
 Metaspace       used 98735K, committed 99456K, reserved 1179648K
  class space    used 13368K, committed 13696K, reserved 1048576K
}
Event: 54.404 GC heap after
{Heap after GC invocations=52 (full 0):
 garbage-first heap   total 219136K, used 112550K [0x00000000a0000000, 0x0000000100000000)
  region size 1024K, 6 young (6144K), 6 survivors (6144K)
 Metaspace       used 98735K, committed 99456K, reserved 1179648K
  class space    used 13368K, committed 13696K, reserved 1048576K
}

