# JRE version: OpenJDK Runtime Environment (17.0.11) (build 17.0.11+0--11852314)
# Java VM: OpenJDK 64-Bit Server VM (17.0.11+0--11852314, mixed mode, tiered, compressed oops, compressed class ptrs, g1 gc, windows-amd64)
GC Precious Log:
 CPUs: 8 total, 8 available
 Memory: 16087M
 Large Page Support: Disabled
 NUMA Support: Disabled
 Compressed Oops: Enabled (32-bit)
 Heap Region Size: 1M
 Heap Min Capacity: 8M
 Heap Initial Capacity: 252M
 Heap Max Capacity: 1536M
 Pre-touch: Disabled
 Parallel Workers: 8
 Concurrent Workers: 2
 Concurrent Refinement Workers: 8
 Periodic GC: Disabled
Heap:
 garbage-first heap   total 301056K, used 209920K [0x00000000a0000000, 0x0000000100000000)
  region size 1024K, 4 young (4096K), 4 survivors (4096K)
 Metaspace       used 115432K, committed 116160K, reserved 1179648K
  class space    used 15315K, committed 15616K, reserved 1048576K
GC Heap History (20 events):
Event: 32.792 GC heap after
{Heap after GC invocations=48 (full 0):
 garbage-first heap   total 250880K, used 176303K [0x00000000a0000000, 0x0000000100000000)
  region size 1024K, 3 young (3072K), 3 survivors (3072K)
 Metaspace       used 100340K, committed 101056K, reserved 1179648K
  class space    used 13302K, committed 13632K, reserved 1048576K
}
Event: 33.010 GC heap before
{Heap before GC invocations=48 (full 0):
 garbage-first heap   total 250880K, used 212143K [0x00000000a0000000, 0x0000000100000000)
  region size 1024K, 38 young (38912K), 3 survivors (3072K)
 Metaspace       used 100824K, committed 101568K, reserved 1179648K
  class space    used 13338K, committed 13696K, reserved 1048576K
}
Event: 33.024 GC heap after
{Heap after GC invocations=49 (full 0):
 garbage-first heap   total 301056K, used 180215K [0x00000000a0000000, 0x0000000100000000)
  region size 1024K, 5 young (5120K), 5 survivors (5120K)
 Metaspace       used 100824K, committed 101568K, reserved 1179648K
  class space    used 13338K, committed 13696K, reserved 1048576K
}
Event: 33.793 GC heap before
{Heap before GC invocations=49 (full 0):
 garbage-first heap   total 301056K, used 247799K [0x00000000a0000000, 0x0000000100000000)
  region size 1024K, 72 young (73728K), 5 survivors (5120K)
 Metaspace       used 101058K, committed 101760K, reserved 1179648K
  class space    used 13347K, committed 13696K, reserved 1048576K
}
Event: 33.801 GC heap after
{Heap after GC invocations=50 (full 0):
 garbage-first heap   total 301056K, used 177012K [0x00000000a0000000, 0x0000000100000000)
  region size 1024K, 2 young (2048K), 2 survivors (2048K)
 Metaspace       used 101058K, committed 101760K, reserved 1179648K
  class space    used 13347K, committed 13696K, reserved 1048576K
}
Event: 35.628 GC heap before
{Heap before GC invocations=50 (full 0):
 garbage-first heap   total 301056K, used 257908K [0x00000000a0000000, 0x0000000100000000)
  region size 1024K, 74 young (75776K), 2 survivors (2048K)
 Metaspace       used 103867K, committed 104640K, reserved 1179648K
  class space    used 13718K, committed 14080K, reserved 1048576K
}
Event: 35.635 GC heap after
{Heap after GC invocations=51 (full 0):
 garbage-first heap   total 301056K, used 177471K [0x00000000a0000000, 0x0000000100000000)
  region size 1024K, 2 young (2048K), 2 survivors (2048K)
 Metaspace       used 103867K, committed 104640K, reserved 1179648K
  class space    used 13718K, committed 14080K, reserved 1048576K
}
Event: 36.948 GC heap before
{Heap before GC invocations=51 (full 0):
 garbage-first heap   total 301056K, used 253247K [0x00000000a0000000, 0x0000000100000000)
  region size 1024K, 77 young (78848K), 2 survivors (2048K)
 Metaspace       used 106587K, committed 107328K, reserved 1179648K
  class space    used 14068K, committed 14400K, reserved 1048576K
}
Event: 36.963 GC heap after
{Heap after GC invocations=52 (full 0):
 garbage-first heap   total 301056K, used 182395K [0x00000000a0000000, 0x0000000100000000)
  region size 1024K, 7 young (7168K), 7 survivors (7168K)
 Metaspace       used 106587K, committed 107328K, reserved 1179648K
  class space    used 14068K, committed 14400K, reserved 1048576K
}
Event: 38.218 GC heap before
{Heap before GC invocations=52 (full 0):
 garbage-first heap   total 301056K, used 253051K [0x00000000a0000000, 0x0000000100000000)
  region size 1024K, 77 young (78848K), 7 survivors (7168K)
 Metaspace       used 107576K, committed 108288K, reserved 1179648K
  class space    used 14181K, committed 14528K, reserved 1048576K
}
Event: 38.238 GC heap after
{Heap after GC invocations=53 (full 0):
 garbage-first heap   total 301056K, used 187696K [0x00000000a0000000, 0x0000000100000000)
  region size 1024K, 10 young (10240K), 10 survivors (10240K)
 Metaspace       used 107576K, committed 108288K, reserved 1179648K
  class space    used 14181K, committed 14528K, reserved 1048576K
}
Event: 39.043 GC heap before
{Heap before GC invocations=53 (full 0):
 garbage-first heap   total 301056K, used 254256K [0x00000000a0000000, 0x0000000100000000)
  region size 1024K, 76 young (77824K), 10 survivors (10240K)
 Metaspace       used 108466K, committed 109184K, reserved 1179648K
  class space    used 14310K, committed 14656K, reserved 1048576K
}
Event: 39.069 GC heap after
{Heap after GC invocations=54 (full 0):
 garbage-first heap   total 301056K, used 196238K [0x00000000a0000000, 0x0000000100000000)
  region size 1024K, 9 young (9216K), 9 survivors (9216K)
 Metaspace       used 108466K, committed 109184K, reserved 1179648K
  class space    used 14310K, committed 14656K, reserved 1048576K
}
Event: 39.901 GC heap before
{Heap before GC invocations=54 (full 0):
 garbage-first heap   total 301056K, used 252558K [0x00000000a0000000, 0x0000000100000000)
  region size 1024K, 65 young (66560K), 9 survivors (9216K)
 Metaspace       used 110741K, committed 111424K, reserved 1179648K
  class space    used 14629K, committed 14976K, reserved 1048576K
}
Event: 39.925 GC heap after
{Heap after GC invocations=55 (full 0):
 garbage-first heap   total 301056K, used 204551K [0x00000000a0000000, 0x0000000100000000)
  region size 1024K, 9 young (9216K), 9 survivors (9216K)
 Metaspace       used 110741K, committed 111424K, reserved 1179648K
  class space    used 14629K, committed 14976K, reserved 1048576K
}
Event: 40.329 GC heap before
{Heap before GC invocations=55 (full 0):
 garbage-first heap   total 301056K, used 253703K [0x00000000a0000000, 0x0000000100000000)
  region size 1024K, 58 young (59392K), 9 survivors (9216K)
 Metaspace       used 112850K, committed 113536K, reserved 1179648K
  class space    used 14916K, committed 15232K, reserved 1048576K
}
Event: 40.344 GC heap after
{Heap after GC invocations=56 (full 0):
 garbage-first heap   total 301056K, used 206952K [0x00000000a0000000, 0x0000000100000000)
  region size 1024K, 4 young (4096K), 4 survivors (4096K)
 Metaspace       used 112850K, committed 113536K, reserved 1179648K
  class space    used 14916K, committed 15232K, reserved 1048576K
}
Event: 40.710 GC heap before
{Heap before GC invocations=56 (full 0):
 garbage-first heap   total 301056K, used 256104K [0x00000000a0000000, 0x0000000100000000)
  region size 1024K, 52 young (53248K), 4 survivors (4096K)
 Metaspace       used 114120K, committed 114816K, reserved 1179648K
  class space    used 15119K, committed 15424K, reserved 1048576K
}
Event: 40.728 GC heap after
{Heap after GC invocations=57 (full 0):
 garbage-first heap   total 301056K, used 208342K [0x00000000a0000000, 0x0000000100000000)
  region size 1024K, 5 young (5120K), 5 survivors (5120K)
 Metaspace       used 114120K, committed 114816K, reserved 1179648K
  class space    used 15119K, committed 15424K, reserved 1048576K
}
Event: 41.121 GC heap before
{Heap before GC invocations=57 (full 0):
 garbage-first heap   total 301056K, used 258518K [0x00000000a0000000, 0x0000000100000000)
  region size 1024K, 53 young (54272K), 5 survivors (5120K)
 Metaspace       used 115432K, committed 116160K, reserved 1179648K
  class space    used 15315K, committed 15616K, reserved 1048576K
}

