# JRE version: OpenJDK Runtime Environment (17.0.11) (build 17.0.11+0--11852314)
# Java VM: OpenJDK 64-Bit Server VM (17.0.11+0--11852314, mixed mode, tiered, compressed oops, compressed class ptrs, g1 gc, windows-amd64)
GC Precious Log:
 CPUs: 8 total, 8 available
 Memory: 16087M
 Large Page Support: Disabled
 NUMA Support: Disabled
 Compressed Oops: Enabled (32-bit)
 Heap Region Size: 1M
 Heap Min Capacity: 8M
 Heap Initial Capacity: 252M
 Heap Max Capacity: 1536M
 Pre-touch: Disabled
 Parallel Workers: 8
 Concurrent Workers: 2
 Concurrent Refinement Workers: 8
 Periodic GC: Disabled
Heap:
 garbage-first heap   total 333824K, used 240914K [0x00000000a0000000, 0x0000000100000000)
  region size 1024K, 43 young (44032K), 8 survivors (8192K)
 Metaspace       used 140913K, committed 141696K, reserved 1179648K
  class space    used 18765K, committed 19136K, reserved 1048576K
GC Heap History (20 events):
Event: 173.969 GC heap before
{Heap before GC invocations=65 (full 0):
 garbage-first heap   total 280576K, used 168836K [0x00000000a0000000, 0x0000000100000000)
  region size 1024K, 35 young (35840K), 1 survivors (1024K)
 Metaspace       used 134832K, committed 135680K, reserved 1179648K
  class space    used 18212K, committed 18624K, reserved 1048576K
}
Event: 173.982 GC heap after
{Heap after GC invocations=66 (full 0):
 garbage-first heap   total 280576K, used 142022K [0x00000000a0000000, 0x0000000100000000)
  region size 1024K, 7 young (7168K), 7 survivors (7168K)
 Metaspace       used 134832K, committed 135680K, reserved 1179648K
  class space    used 18212K, committed 18624K, reserved 1048576K
}
Event: 402.736 GC heap before
{Heap before GC invocations=67 (full 0):
 garbage-first heap   total 280576K, used 261830K [0x00000000a0000000, 0x0000000100000000)
  region size 1024K, 68 young (69632K), 7 survivors (7168K)
 Metaspace       used 135045K, committed 135872K, reserved 1179648K
  class space    used 18217K, committed 18624K, reserved 1048576K
}
Event: 402.748 GC heap after
{Heap after GC invocations=68 (full 0):
 garbage-first heap   total 280576K, used 134184K [0x00000000a0000000, 0x0000000100000000)
  region size 1024K, 1 young (1024K), 1 survivors (1024K)
 Metaspace       used 135045K, committed 135872K, reserved 1179648K
  class space    used 18217K, committed 18624K, reserved 1048576K
}
Event: 405.988 GC heap before
{Heap before GC invocations=68 (full 0):
 garbage-first heap   total 280576K, used 146472K [0x00000000a0000000, 0x0000000100000000)
  region size 1024K, 13 young (13312K), 1 survivors (1024K)
 Metaspace       used 135051K, committed 135872K, reserved 1179648K
  class space    used 18217K, committed 18624K, reserved 1048576K
}
Event: 406.016 GC heap after
{Heap after GC invocations=69 (full 0):
 garbage-first heap   total 280576K, used 130467K [0x00000000a0000000, 0x0000000100000000)
  region size 1024K, 1 young (1024K), 1 survivors (1024K)
 Metaspace       used 135051K, committed 135872K, reserved 1179648K
  class space    used 18217K, committed 18624K, reserved 1048576K
}
Event: 433.882 GC heap before
{Heap before GC invocations=69 (full 0):
 garbage-first heap   total 280576K, used 223651K [0x00000000a0000000, 0x0000000100000000)
  region size 1024K, 93 young (95232K), 1 survivors (1024K)
 Metaspace       used 137999K, committed 138880K, reserved 1179648K
  class space    used 18554K, committed 18944K, reserved 1048576K
}
Event: 433.922 GC heap after
{Heap after GC invocations=70 (full 0):
 garbage-first heap   total 280576K, used 140538K [0x00000000a0000000, 0x0000000100000000)
  region size 1024K, 11 young (11264K), 11 survivors (11264K)
 Metaspace       used 137999K, committed 138880K, reserved 1179648K
  class space    used 18554K, committed 18944K, reserved 1048576K
}
Event: 439.090 GC heap before
{Heap before GC invocations=71 (full 0):
 garbage-first heap   total 280576K, used 233722K [0x00000000a0000000, 0x0000000100000000)
  region size 1024K, 94 young (96256K), 11 survivors (11264K)
 Metaspace       used 138802K, committed 139712K, reserved 1179648K
  class space    used 18602K, committed 19008K, reserved 1048576K
}
Event: 439.180 GC heap after
{Heap after GC invocations=72 (full 0):
 garbage-first heap   total 281600K, used 177569K [0x00000000a0000000, 0x0000000100000000)
  region size 1024K, 12 young (12288K), 12 survivors (12288K)
 Metaspace       used 138802K, committed 139712K, reserved 1179648K
  class space    used 18602K, committed 19008K, reserved 1048576K
}
Event: 439.207 GC heap before
{Heap before GC invocations=72 (full 0):
 garbage-first heap   total 281600K, used 178593K [0x00000000a0000000, 0x0000000100000000)
  region size 1024K, 13 young (13312K), 12 survivors (12288K)
 Metaspace       used 138802K, committed 139712K, reserved 1179648K
  class space    used 18602K, committed 19008K, reserved 1048576K
}
Event: 439.251 GC heap after
{Heap after GC invocations=73 (full 0):
 garbage-first heap   total 281600K, used 176128K [0x00000000a0000000, 0x0000000100000000)
  region size 1024K, 2 young (2048K), 2 survivors (2048K)
 Metaspace       used 138802K, committed 139712K, reserved 1179648K
  class space    used 18602K, committed 19008K, reserved 1048576K
}
Event: 441.094 GC heap before
{Heap before GC invocations=73 (full 0):
 garbage-first heap   total 281600K, used 212992K [0x00000000a0000000, 0x0000000100000000)
  region size 1024K, 40 young (40960K), 2 survivors (2048K)
 Metaspace       used 139223K, committed 140096K, reserved 1179648K
  class space    used 18637K, committed 19072K, reserved 1048576K
}
Event: 441.132 GC heap after
{Heap after GC invocations=74 (full 0):
 garbage-first heap   total 333824K, used 183780K [0x00000000a0000000, 0x0000000100000000)
  region size 1024K, 7 young (7168K), 7 survivors (7168K)
 Metaspace       used 139223K, committed 140096K, reserved 1179648K
  class space    used 18637K, committed 19072K, reserved 1048576K
}
Event: 445.945 GC heap before
{Heap before GC invocations=75 (full 0):
 garbage-first heap   total 333824K, used 256484K [0x00000000a0000000, 0x0000000100000000)
  region size 1024K, 71 young (72704K), 7 survivors (7168K)
 Metaspace       used 139479K, committed 140352K, reserved 1179648K
  class space    used 18650K, committed 19072K, reserved 1048576K
}
Event: 446.022 GC heap after
{Heap after GC invocations=76 (full 0):
 garbage-first heap   total 333824K, used 199543K [0x00000000a0000000, 0x0000000100000000)
  region size 1024K, 9 young (9216K), 9 survivors (9216K)
 Metaspace       used 139479K, committed 140352K, reserved 1179648K
  class space    used 18650K, committed 19072K, reserved 1048576K
}
Event: 446.950 GC heap before
{Heap before GC invocations=76 (full 0):
 garbage-first heap   total 333824K, used 236407K [0x00000000a0000000, 0x0000000100000000)
  region size 1024K, 16 young (16384K), 9 survivors (9216K)
 Metaspace       used 139692K, committed 140544K, reserved 1179648K
  class space    used 18664K, committed 19072K, reserved 1048576K
}
Event: 447.005 GC heap after
{Heap after GC invocations=77 (full 0):
 garbage-first heap   total 333824K, used 194560K [0x00000000a0000000, 0x0000000100000000)
  region size 1024K, 2 young (2048K), 2 survivors (2048K)
 Metaspace       used 139692K, committed 140544K, reserved 1179648K
  class space    used 18664K, committed 19072K, reserved 1048576K
}
Event: 447.484 GC heap before
{Heap before GC invocations=77 (full 0):
 garbage-first heap   total 333824K, used 253952K [0x00000000a0000000, 0x0000000100000000)
  region size 1024K, 61 young (62464K), 2 survivors (2048K)
 Metaspace       used 139874K, committed 140736K, reserved 1179648K
  class space    used 18681K, committed 19072K, reserved 1048576K
}
Event: 447.503 GC heap after
{Heap after GC invocations=78 (full 0):
 garbage-first heap   total 333824K, used 207122K [0x00000000a0000000, 0x0000000100000000)
  region size 1024K, 8 young (8192K), 8 survivors (8192K)
 Metaspace       used 139874K, committed 140736K, reserved 1179648K
  class space    used 18681K, committed 19072K, reserved 1048576K
}

