# JRE version: OpenJDK Runtime Environment Temurin-21.0.10+7 (21.0.10+7) (build 21.0.10+7-LTS)
# Java VM: OpenJDK 64-Bit Server VM Temurin-21.0.10+7 (21.0.10+7-LTS, mixed mode, sharing, tiered, compressed oops, compressed class ptrs, parallel gc, windows-amd64)
GC Precious Log:
 CardTable entry size: 512
 CPUs: 8 total, 8 available
 Memory: 16087M
 Large Page Support: Disabled
 NUMA Support: Disabled
 Compressed Oops: Enabled (32-bit)
 Alignments: Space 512K, Generation 512K, Heap 2M
 Heap Min Capacity: 100M
 Heap Initial Capacity: 100M
 Heap Max Capacity: 2G
 Pre-touch: Disabled
 Parallel Workers: 8
Heap:
 PSYoungGen      total 2560K, used 1838K [0x00000000d5580000, 0x00000000d5980000, 0x0000000100000000)
  eden space 2048K, 75% used [0x00000000d5580000,0x00000000d5703b28,0x00000000d5780000)
  from space 512K, 56% used [0x00000000d5880000,0x00000000d58c8000,0x00000000d5900000)
  to   space 512K, 0% used [0x00000000d5900000,0x00000000d5900000,0x00000000d5980000)
 ParOldGen       total 215040K, used 74735K [0x0000000080000000, 0x000000008d200000, 0x00000000d5580000)
  object space 215040K, 34% used [0x0000000080000000,0x00000000848fbe80,0x000000008d200000)
 Metaspace       used 88348K, committed 90112K, reserved 1179648K
  class space    used 10329K, committed 11136K, reserved 1048576K
GC Heap History (20 events):
Event: 1718.664 GC heap before
{Heap before GC invocations=261 (full 4):
 PSYoungGen      total 2560K, used 2144K [0x00000000d5580000, 0x00000000d5a00000, 0x0000000100000000)
  eden space 2048K, 100% used [0x00000000d5580000,0x00000000d5780000,0x00000000d5780000)
  from space 512K, 18% used [0x00000000d5980000,0x00000000d5998000,0x00000000d5a00000)
  to   space 512K, 0% used [0x00000000d5900000,0x00000000d5900000,0x00000000d5980000)
 ParOldGen       total 215040K, used 73245K [0x0000000080000000, 0x000000008d200000, 0x00000000d5580000)
  object space 215040K, 34% used [0x0000000080000000,0x0000000084787418,0x000000008d200000)
 Metaspace       used 87751K, committed 89472K, reserved 1179648K
  class space    used 10281K, committed 11072K, reserved 1048576K
}
Event: 1718.667 GC heap after
{Heap after GC invocations=261 (full 4):
 PSYoungGen      total 2560K, used 96K [0x00000000d5580000, 0x00000000d5a00000, 0x0000000100000000)
  eden space 2048K, 0% used [0x00000000d5580000,0x00000000d5580000,0x00000000d5780000)
  from space 512K, 18% used [0x00000000d5900000,0x00000000d5918000,0x00000000d5980000)
  to   space 512K, 0% used [0x00000000d5980000,0x00000000d5980000,0x00000000d5a00000)
 ParOldGen       total 215040K, used 73253K [0x0000000080000000, 0x000000008d200000, 0x00000000d5580000)
  object space 215040K, 34% used [0x0000000080000000,0x0000000084789418,0x000000008d200000)
 Metaspace       used 87751K, committed 89472K, reserved 1179648K
  class space    used 10281K, committed 11072K, reserved 1048576K
}
Event: 1718.710 GC heap before
{Heap before GC invocations=262 (full 4):
 PSYoungGen      total 2560K, used 2144K [0x00000000d5580000, 0x00000000d5a00000, 0x0000000100000000)
  eden space 2048K, 100% used [0x00000000d5580000,0x00000000d5780000,0x00000000d5780000)
  from space 512K, 18% used [0x00000000d5900000,0x00000000d5918000,0x00000000d5980000)
  to   space 512K, 0% used [0x00000000d5980000,0x00000000d5980000,0x00000000d5a00000)
 ParOldGen       total 215040K, used 73253K [0x0000000080000000, 0x000000008d200000, 0x00000000d5580000)
  object space 215040K, 34% used [0x0000000080000000,0x0000000084789418,0x000000008d200000)
 Metaspace       used 87752K, committed 89472K, reserved 1179648K
  class space    used 10281K, committed 11072K, reserved 1048576K
}
Event: 1718.714 GC heap after
{Heap after GC invocations=262 (full 4):
 PSYoungGen      total 2560K, used 96K [0x00000000d5580000, 0x00000000d5a00000, 0x0000000100000000)
  eden space 2048K, 0% used [0x00000000d5580000,0x00000000d5580000,0x00000000d5780000)
  from space 512K, 18% used [0x00000000d5980000,0x00000000d5998000,0x00000000d5a00000)
  to   space 512K, 0% used [0x00000000d5900000,0x00000000d5900000,0x00000000d5980000)
 ParOldGen       total 215040K, used 73269K [0x0000000080000000, 0x000000008d200000, 0x00000000d5580000)
  object space 215040K, 34% used [0x0000000080000000,0x000000008478d418,0x000000008d200000)
 Metaspace       used 87752K, committed 89472K, reserved 1179648K
  class space    used 10281K, committed 11072K, reserved 1048576K
}
Event: 1718.831 GC heap before
{Heap before GC invocations=263 (full 4):
 PSYoungGen      total 2560K, used 2139K [0x00000000d5580000, 0x00000000d5a00000, 0x0000000100000000)
  eden space 2048K, 99% used [0x00000000d5580000,0x00000000d577eed8,0x00000000d5780000)
  from space 512K, 18% used [0x00000000d5980000,0x00000000d5998000,0x00000000d5a00000)
  to   space 512K, 0% used [0x00000000d5900000,0x00000000d5900000,0x00000000d5980000)
 ParOldGen       total 215040K, used 73269K [0x0000000080000000, 0x000000008d200000, 0x00000000d5580000)
  object space 215040K, 34% used [0x0000000080000000,0x000000008478d418,0x000000008d200000)
 Metaspace       used 87834K, committed 89536K, reserved 1179648K
  class space    used 10297K, committed 11072K, reserved 1048576K
}
Event: 1718.835 GC heap after
{Heap after GC invocations=263 (full 4):
 PSYoungGen      total 2560K, used 444K [0x00000000d5580000, 0x00000000d5a00000, 0x0000000100000000)
  eden space 2048K, 0% used [0x00000000d5580000,0x00000000d5580000,0x00000000d5780000)
  from space 512K, 86% used [0x00000000d5900000,0x00000000d596f240,0x00000000d5980000)
  to   space 512K, 0% used [0x00000000d5980000,0x00000000d5980000,0x00000000d5a00000)
 ParOldGen       total 215040K, used 73277K [0x0000000080000000, 0x000000008d200000, 0x00000000d5580000)
  object space 215040K, 34% used [0x0000000080000000,0x000000008478f418,0x000000008d200000)
 Metaspace       used 87834K, committed 89536K, reserved 1179648K
  class space    used 10297K, committed 11072K, reserved 1048576K
}
Event: 1718.879 GC heap before
{Heap before GC invocations=264 (full 4):
 PSYoungGen      total 2560K, used 2492K [0x00000000d5580000, 0x00000000d5a00000, 0x0000000100000000)
  eden space 2048K, 100% used [0x00000000d5580000,0x00000000d5780000,0x00000000d5780000)
  from space 512K, 86% used [0x00000000d5900000,0x00000000d596f240,0x00000000d5980000)
  to   space 512K, 0% used [0x00000000d5980000,0x00000000d5980000,0x00000000d5a00000)
 ParOldGen       total 215040K, used 73277K [0x0000000080000000, 0x000000008d200000, 0x00000000d5580000)
  object space 215040K, 34% used [0x0000000080000000,0x000000008478f418,0x000000008d200000)
 Metaspace       used 87852K, committed 89536K, reserved 1179648K
  class space    used 10298K, committed 11072K, reserved 1048576K
}
Event: 1718.885 GC heap after
{Heap after GC invocations=264 (full 4):
 PSYoungGen      total 2560K, used 503K [0x00000000d5580000, 0x00000000d5a80000, 0x0000000100000000)
  eden space 2048K, 0% used [0x00000000d5580000,0x00000000d5580000,0x00000000d5780000)
  from space 512K, 98% used [0x00000000d5980000,0x00000000d59fdcb8,0x00000000d5a00000)
  to   space 1536K, 0% used [0x00000000d5780000,0x00000000d5780000,0x00000000d5900000)
 ParOldGen       total 215040K, used 73702K [0x0000000080000000, 0x000000008d200000, 0x00000000d5580000)
  object space 215040K, 34% used [0x0000000080000000,0x00000000847f9ab8,0x000000008d200000)
 Metaspace       used 87852K, committed 89536K, reserved 1179648K
  class space    used 10298K, committed 11072K, reserved 1048576K
}
Event: 1718.964 GC heap before
{Heap before GC invocations=265 (full 4):
 PSYoungGen      total 2560K, used 2551K [0x00000000d5580000, 0x00000000d5a80000, 0x0000000100000000)
  eden space 2048K, 100% used [0x00000000d5580000,0x00000000d5780000,0x00000000d5780000)
  from space 512K, 98% used [0x00000000d5980000,0x00000000d59fdcb8,0x00000000d5a00000)
  to   space 1536K, 0% used [0x00000000d5780000,0x00000000d5780000,0x00000000d5900000)
 ParOldGen       total 215040K, used 73702K [0x0000000080000000, 0x000000008d200000, 0x00000000d5580000)
  object space 215040K, 34% used [0x0000000080000000,0x00000000847f9ab8,0x000000008d200000)
 Metaspace       used 87852K, committed 89536K, reserved 1179648K
  class space    used 10298K, committed 11072K, reserved 1048576K
}
Event: 1718.969 GC heap after
{Heap after GC invocations=265 (full 4):
 PSYoungGen      total 3584K, used 827K [0x00000000d5580000, 0x00000000d5a00000, 0x0000000100000000)
  eden space 2048K, 0% used [0x00000000d5580000,0x00000000d5580000,0x00000000d5780000)
  from space 1536K, 53% used [0x00000000d5780000,0x00000000d584edf0,0x00000000d5900000)
  to   space 1024K, 0% used [0x00000000d5900000,0x00000000d5900000,0x00000000d5a00000)
 ParOldGen       total 215040K, used 74009K [0x0000000080000000, 0x000000008d200000, 0x00000000d5580000)
  object space 215040K, 34% used [0x0000000080000000,0x00000000848467f8,0x000000008d200000)
 Metaspace       used 87852K, committed 89536K, reserved 1179648K
  class space    used 10298K, committed 11072K, reserved 1048576K
}
Event: 1719.017 GC heap before
{Heap before GC invocations=266 (full 4):
 PSYoungGen      total 3584K, used 2875K [0x00000000d5580000, 0x00000000d5a00000, 0x0000000100000000)
  eden space 2048K, 100% used [0x00000000d5580000,0x00000000d5780000,0x00000000d5780000)
  from space 1536K, 53% used [0x00000000d5780000,0x00000000d584edf0,0x00000000d5900000)
  to   space 1024K, 0% used [0x00000000d5900000,0x00000000d5900000,0x00000000d5a00000)
 ParOldGen       total 215040K, used 74009K [0x0000000080000000, 0x000000008d200000, 0x00000000d5580000)
  object space 215040K, 34% used [0x0000000080000000,0x00000000848467f8,0x000000008d200000)
 Metaspace       used 88001K, committed 89728K, reserved 1179648K
  class space    used 10303K, committed 11072K, reserved 1048576K
}
Event: 1719.022 GC heap after
{Heap after GC invocations=266 (full 4):
 PSYoungGen      total 2560K, used 128K [0x00000000d5580000, 0x00000000d5980000, 0x0000000100000000)
  eden space 2048K, 0% used [0x00000000d5580000,0x00000000d5580000,0x00000000d5780000)
  from space 512K, 25% used [0x00000000d5900000,0x00000000d5920000,0x00000000d5980000)
  to   space 512K, 0% used [0x00000000d5880000,0x00000000d5880000,0x00000000d5900000)
 ParOldGen       total 215040K, used 74025K [0x0000000080000000, 0x000000008d200000, 0x00000000d5580000)
  object space 215040K, 34% used [0x0000000080000000,0x000000008484a7f8,0x000000008d200000)
 Metaspace       used 88001K, committed 89728K, reserved 1179648K
  class space    used 10303K, committed 11072K, reserved 1048576K
}
Event: 1719.152 GC heap before
{Heap before GC invocations=267 (full 4):
 PSYoungGen      total 2560K, used 2175K [0x00000000d5580000, 0x00000000d5980000, 0x0000000100000000)
  eden space 2048K, 99% used [0x00000000d5580000,0x00000000d577fec8,0x00000000d5780000)
  from space 512K, 25% used [0x00000000d5900000,0x00000000d5920000,0x00000000d5980000)
  to   space 512K, 0% used [0x00000000d5880000,0x00000000d5880000,0x00000000d5900000)
 ParOldGen       total 215040K, used 74025K [0x0000000080000000, 0x000000008d200000, 0x00000000d5580000)
  object space 215040K, 34% used [0x0000000080000000,0x000000008484a7f8,0x000000008d200000)
 Metaspace       used 88084K, committed 89728K, reserved 1179648K
  class space    used 10311K, committed 11072K, reserved 1048576K
}
Event: 1719.155 GC heap after
{Heap after GC invocations=267 (full 4):
 PSYoungGen      total 2560K, used 485K [0x00000000d5580000, 0x00000000d5980000, 0x0000000100000000)
  eden space 2048K, 0% used [0x00000000d5580000,0x00000000d5580000,0x00000000d5780000)
  from space 512K, 94% used [0x00000000d5880000,0x00000000d58f9568,0x00000000d5900000)
  to   space 512K, 0% used [0x00000000d5900000,0x00000000d5900000,0x00000000d5980000)
 ParOldGen       total 215040K, used 74081K [0x0000000080000000, 0x000000008d200000, 0x00000000d5580000)
  object space 215040K, 34% used [0x0000000080000000,0x00000000848587f8,0x000000008d200000)
 Metaspace       used 88084K, committed 89728K, reserved 1179648K
  class space    used 10311K, committed 11072K, reserved 1048576K
}
Event: 1719.413 GC heap before
{Heap before GC invocations=268 (full 4):
 PSYoungGen      total 2560K, used 2533K [0x00000000d5580000, 0x00000000d5980000, 0x0000000100000000)
  eden space 2048K, 100% used [0x00000000d5580000,0x00000000d5780000,0x00000000d5780000)
  from space 512K, 94% used [0x00000000d5880000,0x00000000d58f9568,0x00000000d5900000)
  to   space 512K, 0% used [0x00000000d5900000,0x00000000d5900000,0x00000000d5980000)
 ParOldGen       total 215040K, used 74081K [0x0000000080000000, 0x000000008d200000, 0x00000000d5580000)
  object space 215040K, 34% used [0x0000000080000000,0x00000000848587f8,0x000000008d200000)
 Metaspace       used 88323K, committed 90048K, reserved 1179648K
  class space    used 10329K, committed 11136K, reserved 1048576K
}
Event: 1719.426 GC heap after
{Heap after GC invocations=268 (full 4):
 PSYoungGen      total 2560K, used 288K [0x00000000d5580000, 0x00000000d5980000, 0x0000000100000000)
  eden space 2048K, 0% used [0x00000000d5580000,0x00000000d5580000,0x00000000d5780000)
  from space 512K, 56% used [0x00000000d5900000,0x00000000d5948000,0x00000000d5980000)
  to   space 512K, 0% used [0x00000000d5880000,0x00000000d5880000,0x00000000d5900000)
 ParOldGen       total 215040K, used 74535K [0x0000000080000000, 0x000000008d200000, 0x00000000d5580000)
  object space 215040K, 34% used [0x0000000080000000,0x00000000848c9e80,0x000000008d200000)
 Metaspace       used 88323K, committed 90048K, reserved 1179648K
  class space    used 10329K, committed 11136K, reserved 1048576K
}
Event: 1719.500 GC heap before
{Heap before GC invocations=269 (full 4):
 PSYoungGen      total 2560K, used 2336K [0x00000000d5580000, 0x00000000d5980000, 0x0000000100000000)
  eden space 2048K, 100% used [0x00000000d5580000,0x00000000d5780000,0x00000000d5780000)
  from space 512K, 56% used [0x00000000d5900000,0x00000000d5948000,0x00000000d5980000)
  to   space 512K, 0% used [0x00000000d5880000,0x00000000d5880000,0x00000000d5900000)
 ParOldGen       total 215040K, used 74535K [0x0000000080000000, 0x000000008d200000, 0x00000000d5580000)
  object space 215040K, 34% used [0x0000000080000000,0x00000000848c9e80,0x000000008d200000)
 Metaspace       used 88326K, committed 90048K, reserved 1179648K
  class space    used 10329K, committed 11136K, reserved 1048576K
}
Event: 1719.503 GC heap after
{Heap after GC invocations=269 (full 4):
 PSYoungGen      total 2560K, used 256K [0x00000000d5580000, 0x00000000d5980000, 0x0000000100000000)
  eden space 2048K, 0% used [0x00000000d5580000,0x00000000d5580000,0x00000000d5780000)
  from space 512K, 50% used [0x00000000d5880000,0x00000000d58c0000,0x00000000d5900000)
  to   space 512K, 0% used [0x00000000d5900000,0x00000000d5900000,0x00000000d5980000)
 ParOldGen       total 215040K, used 74615K [0x0000000080000000, 0x000000008d200000, 0x00000000d5580000)
  object space 215040K, 34% used [0x0000000080000000,0x00000000848dde80,0x000000008d200000)
 Metaspace       used 88326K, committed 90048K, reserved 1179648K
  class space    used 10329K, committed 11136K, reserved 1048576K
}
Event: 1719.568 GC heap before
{Heap before GC invocations=270 (full 4):
 PSYoungGen      total 2560K, used 2304K [0x00000000d5580000, 0x00000000d5980000, 0x0000000100000000)
  eden space 2048K, 100% used [0x00000000d5580000,0x00000000d5780000,0x00000000d5780000)
  from space 512K, 50% used [0x00000000d5880000,0x00000000d58c0000,0x00000000d5900000)
  to   space 512K, 0% used [0x00000000d5900000,0x00000000d5900000,0x00000000d5980000)
 ParOldGen       total 215040K, used 74615K [0x0000000080000000, 0x000000008d200000, 0x00000000d5580000)
  object space 215040K, 34% used [0x0000000080000000,0x00000000848dde80,0x000000008d200000)
 Metaspace       used 88330K, committed 90048K, reserved 1179648K
  class space    used 10329K, committed 11136K, reserved 1048576K
}
Event: 1719.571 GC heap after
{Heap after GC invocations=270 (full 4):
 PSYoungGen      total 2560K, used 256K [0x00000000d5580000, 0x00000000d5980000, 0x0000000100000000)
  eden space 2048K, 0% used [0x00000000d5580000,0x00000000d5580000,0x00000000d5780000)
  from space 512K, 50% used [0x00000000d5900000,0x00000000d5940000,0x00000000d5980000)
  to   space 512K, 0% used [0x00000000d5880000,0x00000000d5880000,0x00000000d5900000)
 ParOldGen       total 215040K, used 74671K [0x0000000080000000, 0x000000008d200000, 0x00000000d5580000)
  object space 215040K, 34% used [0x0000000080000000,0x00000000848ebe80,0x000000008d200000)
 Metaspace       used 88330K, committed 90048K, reserved 1179648K
  class space    used 10329K, committed 11136K, reserved 1048576K
}

