# JRE version: OpenJDK Runtime Environment (8.0_212-b04) (build 1.8.0_212-release-1586-b04)
# Java VM: OpenJDK 64-Bit Server VM (25.212-b04 mixed mode windows-amd64 compressed oops)
Heap:
 PSYoungGen      total 431616K, used 243890K [0x00000000e0000000, 0x00000000ff980000, 0x0000000100000000)
  eden space 353792K, 66% used [0x00000000e0000000,0x00000000ee708a08,0x00000000f5980000)
  from space 77824K, 9% used [0x00000000fad80000,0x00000000fb4a4130,0x00000000ff980000)
  to   space 81920K, 0% used [0x00000000f5980000,0x00000000f5980000,0x00000000fa980000)
 ParOldGen       total 335360K, used 227230K [0x00000000a0000000, 0x00000000b4780000, 0x00000000e0000000)
  object space 335360K, 67% used [0x00000000a0000000,0x00000000adde7ac0,0x00000000b4780000)
 Metaspace       used 108456K, capacity 112660K, committed 112768K, reserved 1146880K
  class space    used 13437K, capacity 14360K, committed 14464K, reserved 1048576K
GC Heap History (10 events):
Event: 823.828 GC heap before
{Heap before GC invocations=49 (full 5):
 PSYoungGen      total 438272K, used 359424K [0x00000000e0000000, 0x0000000100000000, 0x0000000100000000)
  eden space 359424K, 100% used [0x00000000e0000000,0x00000000f5f00000,0x00000000f5f00000)
  from space 78848K, 0% used [0x00000000f5f00000,0x00000000f5f00000,0x00000000fac00000)
  to   space 86016K, 0% used [0x00000000fac00000,0x00000000fac00000,0x0000000100000000)
 ParOldGen       total 335360K, used 189898K [0x00000000a0000000, 0x00000000b4780000, 0x00000000e0000000)
  object space 335360K, 56% used [0x00000000a0000000,0x00000000ab972b58,0x00000000b4780000)
 Metaspace       used 108101K, capacity 112220K, committed 112384K, reserved 1146880K
  class space    used 13408K, capacity 14314K, committed 14336K, reserved 1048576K
Event: 823.969 GC heap after
Heap after GC invocations=49 (full 5):
 PSYoungGen      total 429056K, used 26626K [0x00000000e0000000, 0x0000000100000000, 0x0000000100000000)
  eden space 343040K, 0% used [0x00000000e0000000,0x00000000e0000000,0x00000000f4f00000)
  from space 86016K, 30% used [0x00000000fac00000,0x00000000fc600b30,0x0000000100000000)
  to   space 90624K, 0% used [0x00000000f4f00000,0x00000000f4f00000,0x00000000fa780000)
 ParOldGen       total 335360K, used 189906K [0x00000000a0000000, 0x00000000b4780000, 0x00000000e0000000)
  object space 335360K, 56% used [0x00000000a0000000,0x00000000ab974b58,0x00000000b4780000)
 Metaspace       used 108101K, capacity 112220K, committed 112384K, reserved 1146880K
  class space    used 13408K, capacity 14314K, committed 14336K, reserved 1048576K
}
Event: 824.929 GC heap before
{Heap before GC invocations=50 (full 5):
 PSYoungGen      total 429056K, used 369666K [0x00000000e0000000, 0x0000000100000000, 0x0000000100000000)
  eden space 343040K, 100% used [0x00000000e0000000,0x00000000f4f00000,0x00000000f4f00000)
  from space 86016K, 30% used [0x00000000fac00000,0x00000000fc600b30,0x0000000100000000)
  to   space 90624K, 0% used [0x00000000f4f00000,0x00000000f4f00000,0x00000000fa780000)
 ParOldGen       total 335360K, used 189923K [0x00000000a0000000, 0x00000000b4780000, 0x00000000e0000000)
  object space 335360K, 56% used [0x00000000a0000000,0x00000000ab978c20,0x00000000b4780000)
 Metaspace       used 108154K, capacity 112318K, committed 112384K, reserved 1146880K
  class space    used 13416K, capacity 14319K, committed 14336K, reserved 1048576K
Event: 825.000 GC heap after
Heap after GC invocations=50 (full 5):
 PSYoungGen      total 433664K, used 3520K [0x00000000e0000000, 0x0000000100000000, 0x0000000100000000)
  eden space 343040K, 0% used [0x00000000e0000000,0x00000000e0000000,0x00000000f4f00000)
  from space 90624K, 3% used [0x00000000f4f00000,0x00000000f5270000,0x00000000fa780000)
  to   space 89600K, 0% used [0x00000000fa880000,0x00000000fa880000,0x0000000100000000)
 ParOldGen       total 335360K, used 208882K [0x00000000a0000000, 0x00000000b4780000, 0x00000000e0000000)
  object space 335360K, 62% used [0x00000000a0000000,0x00000000acbfca60,0x00000000b4780000)
 Metaspace       used 108154K, capacity 112318K, committed 112384K, reserved 1146880K
  class space    used 13416K, capacity 14319K, committed 14336K, reserved 1048576K
}
Event: 828.472 GC heap before
{Heap before GC invocations=51 (full 5):
 PSYoungGen      total 433664K, used 346560K [0x00000000e0000000, 0x0000000100000000, 0x0000000100000000)
  eden space 343040K, 100% used [0x00000000e0000000,0x00000000f4f00000,0x00000000f4f00000)
  from space 90624K, 3% used [0x00000000f4f00000,0x00000000f5270000,0x00000000fa780000)
  to   space 89600K, 0% used [0x00000000fa880000,0x00000000fa880000,0x0000000100000000)
 ParOldGen       total 335360K, used 208884K [0x00000000a0000000, 0x00000000b4780000, 0x00000000e0000000)
  object space 335360K, 62% used [0x00000000a0000000,0x00000000acbfd180,0x00000000b4780000)
 Metaspace       used 108307K, capacity 112502K, committed 112768K, reserved 1146880K
  class space    used 13435K, capacity 14357K, committed 14464K, reserved 1048576K
Event: 828.515 GC heap after
Heap after GC invocations=51 (full 5):
 PSYoungGen      total 425472K, used 16704K [0x00000000e0000000, 0x00000000ff800000, 0x0000000100000000)
  eden space 344064K, 0% used [0x00000000e0000000,0x00000000e0000000,0x00000000f5000000)
  from space 81408K, 20% used [0x00000000fa880000,0x00000000fb8d0390,0x00000000ff800000)
  to   space 86016K, 0% used [0x00000000f5000000,0x00000000f5000000,0x00000000fa400000)
 ParOldGen       total 335360K, used 211354K [0x00000000a0000000, 0x00000000b4780000, 0x00000000e0000000)
  object space 335360K, 63% used [0x00000000a0000000,0x00000000ace669b0,0x00000000b4780000)
 Metaspace       used 108307K, capacity 112502K, committed 112768K, reserved 1146880K
  class space    used 13435K, capacity 14357K, committed 14464K, reserved 1048576K
}
Event: 832.221 GC heap before
{Heap before GC invocations=52 (full 5):
 PSYoungGen      total 425472K, used 360768K [0x00000000e0000000, 0x00000000ff800000, 0x0000000100000000)
  eden space 344064K, 100% used [0x00000000e0000000,0x00000000f5000000,0x00000000f5000000)
  from space 81408K, 20% used [0x00000000fa880000,0x00000000fb8d0390,0x00000000ff800000)
  to   space 86016K, 0% used [0x00000000f5000000,0x00000000f5000000,0x00000000fa400000)
 ParOldGen       total 335360K, used 211354K [0x00000000a0000000, 0x00000000b4780000, 0x00000000e0000000)
  object space 335360K, 63% used [0x00000000a0000000,0x00000000ace669b0,0x00000000b4780000)
 Metaspace       used 108356K, capacity 112506K, committed 112768K, reserved 1146880K
  class space    used 13435K, capacity 14357K, committed 14464K, reserved 1048576K
Event: 832.336 GC heap after
Heap after GC invocations=52 (full 5):
 PSYoungGen      total 430080K, used 2144K [0x00000000e0000000, 0x0000000100000000, 0x0000000100000000)
  eden space 344064K, 0% used [0x00000000e0000000,0x00000000e0000000,0x00000000f5000000)
  from space 86016K, 2% used [0x00000000f5000000,0x00000000f5218030,0x00000000fa400000)
  to   space 84480K, 0% used [0x00000000fad80000,0x00000000fad80000,0x0000000100000000)
 ParOldGen       total 335360K, used 225202K [0x00000000a0000000, 0x00000000b4780000, 0x00000000e0000000)
  object space 335360K, 67% used [0x00000000a0000000,0x00000000adbeca70,0x00000000b4780000)
 Metaspace       used 108356K, capacity 112506K, committed 112768K, reserved 1146880K
  class space    used 13435K, capacity 14357K, committed 14464K, reserved 1048576K
}
Event: 835.904 GC heap before
{Heap before GC invocations=53 (full 5):
 PSYoungGen      total 430080K, used 346208K [0x00000000e0000000, 0x0000000100000000, 0x0000000100000000)
  eden space 344064K, 100% used [0x00000000e0000000,0x00000000f5000000,0x00000000f5000000)
  from space 86016K, 2% used [0x00000000f5000000,0x00000000f5218030,0x00000000fa400000)
  to   space 84480K, 0% used [0x00000000fad80000,0x00000000fad80000,0x0000000100000000)
 ParOldGen       total 335360K, used 225202K [0x00000000a0000000, 0x00000000b4780000, 0x00000000e0000000)
  object space 335360K, 67% used [0x00000000a0000000,0x00000000adbeca70,0x00000000b4780000)
 Metaspace       used 108423K, capacity 112578K, committed 112768K, reserved 1146880K
  class space    used 13435K, capacity 14357K, committed 14464K, reserved 1048576K
Event: 835.969 GC heap after
Heap after GC invocations=53 (full 5):
 PSYoungGen      total 431616K, used 7312K [0x00000000e0000000, 0x00000000ff980000, 0x0000000100000000)
  eden space 353792K, 0% used [0x00000000e0000000,0x00000000e0000000,0x00000000f5980000)
  from space 77824K, 9% used [0x00000000fad80000,0x00000000fb4a4130,0x00000000ff980000)
  to   space 81920K, 0% used [0x00000000f5980000,0x00000000f5980000,0x00000000fa980000)
 ParOldGen       total 335360K, used 227230K [0x00000000a0000000, 0x00000000b4780000, 0x00000000e0000000)
  object space 335360K, 67% used [0x00000000a0000000,0x00000000adde7ac0,0x00000000b4780000)
 Metaspace       used 108423K, capacity 112578K, committed 112768K, reserved 1146880K
  class space    used 13435K, capacity 14357K, committed 14464K, reserved 1048576K
}

