# JRE version: OpenJDK Runtime Environment (17.0.11) (build 17.0.11+0--11852314)
# Java VM: OpenJDK 64-Bit Server VM (17.0.11+0--11852314, mixed mode, tiered, compressed oops, compressed class ptrs, g1 gc, windows-amd64)
GC Precious Log:
 CPUs: 8 total, 8 available
 Memory: 16087M
 Large Page Support: Disabled
 NUMA Support: Disabled
 Compressed Oops: Enabled (32-bit)
 Heap Region Size: 1M
 Heap Min Capacity: 8M
 Heap Initial Capacity: 252M
 Heap Max Capacity: 1536M
 Pre-touch: Disabled
 Parallel Workers: 8
 Concurrent Workers: 2
 Concurrent Refinement Workers: 8
 Periodic GC: Disabled
Heap:
 garbage-first heap   total 447488K, used 189996K [0x00000000a0000000, 0x0000000100000000)
  region size 1024K, 9 young (9216K), 9 survivors (9216K)
 Metaspace       used 149682K, committed 150784K, reserved 1245184K
  class space    used 19007K, committed 19520K, reserved 1048576K
GC Heap History (20 events):
Event: 1000.680 GC heap after
{Heap after GC invocations=206 (full 0):
 garbage-first heap   total 447488K, used 201592K [0x00000000a0000000, 0x0000000100000000)
  region size 1024K, 3 young (3072K), 3 survivors (3072K)
 Metaspace       used 142898K, committed 143936K, reserved 1179648K
  class space    used 18185K, committed 18688K, reserved 1048576K
}
Event: 1002.056 GC heap before
{Heap before GC invocations=206 (full 0):
 garbage-first heap   total 447488K, used 319352K [0x00000000a0000000, 0x0000000100000000)
  region size 1024K, 107 young (109568K), 3 survivors (3072K)
 Metaspace       used 144144K, committed 145152K, reserved 1179648K
  class space    used 18284K, committed 18752K, reserved 1048576K
}
Event: 1002.082 GC heap after
{Heap after GC invocations=207 (full 0):
 garbage-first heap   total 447488K, used 208563K [0x00000000a0000000, 0x0000000100000000)
  region size 1024K, 10 young (10240K), 10 survivors (10240K)
 Metaspace       used 144144K, committed 145152K, reserved 1179648K
  class space    used 18284K, committed 18752K, reserved 1048576K
}
Event: 1004.608 GC heap before
{Heap before GC invocations=207 (full 0):
 garbage-first heap   total 447488K, used 287411K [0x00000000a0000000, 0x0000000100000000)
  region size 1024K, 89 young (91136K), 10 survivors (10240K)
 Metaspace       used 145575K, committed 146560K, reserved 1179648K
  class space    used 18472K, committed 18944K, reserved 1048576K
}
Event: 1004.623 GC heap after
{Heap after GC invocations=208 (full 0):
 garbage-first heap   total 447488K, used 203662K [0x00000000a0000000, 0x0000000100000000)
  region size 1024K, 3 young (3072K), 3 survivors (3072K)
 Metaspace       used 145575K, committed 146560K, reserved 1179648K
  class space    used 18472K, committed 18944K, reserved 1048576K
}
Event: 1008.872 GC heap before
{Heap before GC invocations=209 (full 0):
 garbage-first heap   total 447488K, used 336782K [0x00000000a0000000, 0x0000000100000000)
  region size 1024K, 125 young (128000K), 3 survivors (3072K)
 Metaspace       used 149269K, committed 150272K, reserved 1179648K
  class space    used 18971K, committed 19456K, reserved 1048576K
}
Event: 1008.886 GC heap after
{Heap after GC invocations=210 (full 0):
 garbage-first heap   total 447488K, used 208552K [0x00000000a0000000, 0x0000000100000000)
  region size 1024K, 9 young (9216K), 9 survivors (9216K)
 Metaspace       used 149269K, committed 150272K, reserved 1179648K
  class space    used 18971K, committed 19456K, reserved 1048576K
}
Event: 1008.933 GC heap before
{Heap before GC invocations=210 (full 0):
 garbage-first heap   total 447488K, used 219816K [0x00000000a0000000, 0x0000000100000000)
  region size 1024K, 21 young (21504K), 9 survivors (9216K)
 Metaspace       used 149295K, committed 150272K, reserved 1179648K
  class space    used 18975K, committed 19456K, reserved 1048576K
}
Event: 1008.959 GC heap after
{Heap after GC invocations=211 (full 0):
 garbage-first heap   total 447488K, used 188296K [0x00000000a0000000, 0x0000000100000000)
  region size 1024K, 3 young (3072K), 3 survivors (3072K)
 Metaspace       used 149295K, committed 150272K, reserved 1179648K
  class space    used 18975K, committed 19456K, reserved 1048576K
}
Event: 1009.745 GC heap before
{Heap before GC invocations=211 (full 0):
 garbage-first heap   total 447488K, used 338824K [0x00000000a0000000, 0x0000000100000000)
  region size 1024K, 143 young (146432K), 3 survivors (3072K)
 Metaspace       used 149640K, committed 150656K, reserved 1245184K
  class space    used 19005K, committed 19456K, reserved 1048576K
}
Event: 1009.753 GC heap after
{Heap after GC invocations=212 (full 0):
 garbage-first heap   total 447488K, used 190281K [0x00000000a0000000, 0x0000000100000000)
  region size 1024K, 5 young (5120K), 5 survivors (5120K)
 Metaspace       used 149640K, committed 150656K, reserved 1245184K
  class space    used 19005K, committed 19456K, reserved 1048576K
}
Event: 1011.966 GC heap before
{Heap before GC invocations=212 (full 0):
 garbage-first heap   total 447488K, used 340809K [0x00000000a0000000, 0x0000000100000000)
  region size 1024K, 153 young (156672K), 5 survivors (5120K)
 Metaspace       used 149653K, committed 150656K, reserved 1245184K
  class space    used 19005K, committed 19456K, reserved 1048576K
}
Event: 1011.973 GC heap after
{Heap after GC invocations=213 (full 0):
 garbage-first heap   total 447488K, used 192699K [0x00000000a0000000, 0x0000000100000000)
  region size 1024K, 7 young (7168K), 7 survivors (7168K)
 Metaspace       used 149653K, committed 150656K, reserved 1245184K
  class space    used 19005K, committed 19456K, reserved 1048576K
}
Event: 1013.376 GC heap before
{Heap before GC invocations=213 (full 0):
 garbage-first heap   total 447488K, used 321723K [0x00000000a0000000, 0x0000000100000000)
  region size 1024K, 135 young (138240K), 7 survivors (7168K)
 Metaspace       used 149670K, committed 150784K, reserved 1245184K
  class space    used 19006K, committed 19520K, reserved 1048576K
}
Event: 1013.382 GC heap after
{Heap after GC invocations=214 (full 0):
 garbage-first heap   total 447488K, used 192487K [0x00000000a0000000, 0x0000000100000000)
  region size 1024K, 7 young (7168K), 7 survivors (7168K)
 Metaspace       used 149670K, committed 150784K, reserved 1245184K
  class space    used 19006K, committed 19520K, reserved 1048576K
}
Event: 1014.199 GC heap before
{Heap before GC invocations=215 (full 0):
 garbage-first heap   total 447488K, used 359399K [0x00000000a0000000, 0x0000000100000000)
  region size 1024K, 170 young (174080K), 7 survivors (7168K)
 Metaspace       used 149681K, committed 150784K, reserved 1245184K
  class space    used 19007K, committed 19520K, reserved 1048576K
}
Event: 1014.208 GC heap after
{Heap after GC invocations=216 (full 0):
 garbage-first heap   total 447488K, used 192781K [0x00000000a0000000, 0x0000000100000000)
  region size 1024K, 9 young (9216K), 9 survivors (9216K)
 Metaspace       used 149681K, committed 150784K, reserved 1245184K
  class space    used 19007K, committed 19520K, reserved 1048576K
}
Event: 1014.251 GC heap before
{Heap before GC invocations=216 (full 0):
 garbage-first heap   total 447488K, used 207117K [0x00000000a0000000, 0x0000000100000000)
  region size 1024K, 21 young (21504K), 9 survivors (9216K)
 Metaspace       used 149681K, committed 150784K, reserved 1245184K
  class space    used 19007K, committed 19520K, reserved 1048576K
}
Event: 1014.264 GC heap after
{Heap after GC invocations=217 (full 0):
 garbage-first heap   total 447488K, used 182525K [0x00000000a0000000, 0x0000000100000000)
  region size 1024K, 2 young (2048K), 2 survivors (2048K)
 Metaspace       used 149681K, committed 150784K, reserved 1245184K
  class space    used 19007K, committed 19520K, reserved 1048576K
}
Event: 1014.893 GC heap before
{Heap before GC invocations=217 (full 0):
 garbage-first heap   total 447488K, used 362749K [0x00000000a0000000, 0x0000000100000000)
  region size 1024K, 177 young (181248K), 2 survivors (2048K)
 Metaspace       used 149682K, committed 150784K, reserved 1245184K
  class space    used 19007K, committed 19520K, reserved 1048576K
}

