# JRE version: OpenJDK Runtime Environment (17.0.11) (build 17.0.11+0--11852314)
# Java VM: OpenJDK 64-Bit Server VM (17.0.11+0--11852314, mixed mode, tiered, compressed oops, compressed class ptrs, g1 gc, windows-amd64)
GC Precious Log:
 CPUs: 8 total, 8 available
 Memory: 16087M
 Large Page Support: Disabled
 NUMA Support: Disabled
 Compressed Oops: Enabled (32-bit)
 Heap Region Size: 1M
 Heap Min Capacity: 8M
 Heap Initial Capacity: 252M
 Heap Max Capacity: 1536M
 Pre-touch: Disabled
 Parallel Workers: 8
 Concurrent Workers: 2
 Concurrent Refinement Workers: 8
 Periodic GC: Disabled
Heap:
 garbage-first heap   total 368640K, used 268045K [0x00000000a0000000, 0x0000000100000000)
  region size 1024K, 129 young (132096K), 23 survivors (23552K)
 Metaspace       used 112393K, committed 113152K, reserved 1179648K
  class space    used 14543K, committed 14912K, reserved 1048576K
GC Heap History (20 events):
Event: 19.958 GC heap before
{Heap before GC invocations=50 (full 0):
 garbage-first heap   total 162816K, used 91500K [0x00000000a0000000, 0x0000000100000000)
  region size 1024K, 7 young (7168K), 6 survivors (6144K)
 Metaspace       used 91400K, committed 92096K, reserved 1179648K
  class space    used 12441K, committed 12800K, reserved 1048576K
}
Event: 19.964 GC heap after
{Heap after GC invocations=51 (full 0):
 garbage-first heap   total 162816K, used 90897K [0x00000000a0000000, 0x0000000100000000)
  region size 1024K, 1 young (1024K), 1 survivors (1024K)
 Metaspace       used 91400K, committed 92096K, reserved 1179648K
  class space    used 12441K, committed 12800K, reserved 1048576K
}
Event: 20.334 GC heap before
{Heap before GC invocations=51 (full 0):
 garbage-first heap   total 162816K, used 132881K [0x00000000a0000000, 0x0000000100000000)
  region size 1024K, 43 young (44032K), 1 survivors (1024K)
 Metaspace       used 91629K, committed 92288K, reserved 1179648K
  class space    used 12457K, committed 12800K, reserved 1048576K
}
Event: 20.339 GC heap after
{Heap after GC invocations=52 (full 0):
 garbage-first heap   total 162816K, used 93278K [0x00000000a0000000, 0x0000000100000000)
  region size 1024K, 4 young (4096K), 4 survivors (4096K)
 Metaspace       used 91629K, committed 92288K, reserved 1179648K
  class space    used 12457K, committed 12800K, reserved 1048576K
}
Event: 20.861 GC heap before
{Heap before GC invocations=52 (full 0):
 garbage-first heap   total 162816K, used 133214K [0x00000000a0000000, 0x0000000100000000)
  region size 1024K, 44 young (45056K), 4 survivors (4096K)
 Metaspace       used 91991K, committed 92672K, reserved 1179648K
  class space    used 12486K, committed 12800K, reserved 1048576K
}
Event: 20.868 GC heap after
{Heap after GC invocations=53 (full 0):
 garbage-first heap   total 162816K, used 96286K [0x00000000a0000000, 0x0000000100000000)
  region size 1024K, 3 young (3072K), 3 survivors (3072K)
 Metaspace       used 91991K, committed 92672K, reserved 1179648K
  class space    used 12486K, committed 12800K, reserved 1048576K
}
Event: 21.263 GC heap before
{Heap before GC invocations=53 (full 0):
 garbage-first heap   total 162816K, used 134174K [0x00000000a0000000, 0x0000000100000000)
  region size 1024K, 41 young (41984K), 3 survivors (3072K)
 Metaspace       used 92655K, committed 93312K, reserved 1179648K
  class space    used 12592K, committed 12928K, reserved 1048576K
}
Event: 21.273 GC heap after
{Heap after GC invocations=54 (full 0):
 garbage-first heap   total 162816K, used 100931K [0x00000000a0000000, 0x0000000100000000)
  region size 1024K, 6 young (6144K), 6 survivors (6144K)
 Metaspace       used 92655K, committed 93312K, reserved 1179648K
  class space    used 12592K, committed 12928K, reserved 1048576K
}
Event: 21.602 GC heap before
{Heap before GC invocations=54 (full 0):
 garbage-first heap   total 162816K, used 133699K [0x00000000a0000000, 0x0000000100000000)
  region size 1024K, 39 young (39936K), 6 survivors (6144K)
 Metaspace       used 92995K, committed 93632K, reserved 1179648K
  class space    used 12643K, committed 12928K, reserved 1048576K
}
Event: 21.621 GC heap after
{Heap after GC invocations=55 (full 0):
 garbage-first heap   total 162816K, used 108373K [0x00000000a0000000, 0x0000000100000000)
  region size 1024K, 5 young (5120K), 5 survivors (5120K)
 Metaspace       used 92995K, committed 93632K, reserved 1179648K
  class space    used 12643K, committed 12928K, reserved 1048576K
}
Event: 22.396 GC heap before
{Heap before GC invocations=55 (full 0):
 garbage-first heap   total 162816K, used 136021K [0x00000000a0000000, 0x0000000100000000)
  region size 1024K, 31 young (31744K), 5 survivors (5120K)
 Metaspace       used 97670K, committed 98304K, reserved 1179648K
  class space    used 13264K, committed 13568K, reserved 1048576K
}
Event: 22.411 GC heap after
{Heap after GC invocations=56 (full 0):
 garbage-first heap   total 368640K, used 111081K [0x00000000a0000000, 0x0000000100000000)
  region size 1024K, 2 young (2048K), 2 survivors (2048K)
 Metaspace       used 97670K, committed 98304K, reserved 1179648K
  class space    used 13264K, committed 13568K, reserved 1048576K
}
Event: 25.833 GC heap before
{Heap before GC invocations=56 (full 0):
 garbage-first heap   total 368640K, used 263657K [0x00000000a0000000, 0x0000000100000000)
  region size 1024K, 148 young (151552K), 2 survivors (2048K)
 Metaspace       used 103178K, committed 103808K, reserved 1179648K
  class space    used 13850K, committed 14144K, reserved 1048576K
}
Event: 25.846 GC heap after
{Heap after GC invocations=57 (full 0):
 garbage-first heap   total 368640K, used 117874K [0x00000000a0000000, 0x0000000100000000)
  region size 1024K, 7 young (7168K), 7 survivors (7168K)
 Metaspace       used 103178K, committed 103808K, reserved 1179648K
  class space    used 13850K, committed 14144K, reserved 1048576K
}
Event: 85.560 GC heap before
{Heap before GC invocations=57 (full 0):
 garbage-first heap   total 368640K, used 296050K [0x00000000a0000000, 0x0000000100000000)
  region size 1024K, 182 young (186368K), 7 survivors (7168K)
 Metaspace       used 109575K, committed 110208K, reserved 1179648K
  class space    used 14426K, committed 14720K, reserved 1048576K
}
Event: 85.583 GC heap after
{Heap after GC invocations=58 (full 0):
 garbage-first heap   total 368640K, used 124125K [0x00000000a0000000, 0x0000000100000000)
  region size 1024K, 15 young (15360K), 15 survivors (15360K)
 Metaspace       used 109575K, committed 110208K, reserved 1179648K
  class space    used 14426K, committed 14720K, reserved 1048576K
}
Event: 1481.660 GC heap before
{Heap before GC invocations=58 (full 0):
 garbage-first heap   total 368640K, used 296157K [0x00000000a0000000, 0x0000000100000000)
  region size 1024K, 183 young (187392K), 15 survivors (15360K)
 Metaspace       used 110663K, committed 111360K, reserved 1179648K
  class space    used 14451K, committed 14784K, reserved 1048576K
}
Event: 1481.695 GC heap after
{Heap after GC invocations=59 (full 0):
 garbage-first heap   total 368640K, used 128213K [0x00000000a0000000, 0x0000000100000000)
  region size 1024K, 14 young (14336K), 14 survivors (14336K)
 Metaspace       used 110663K, committed 111360K, reserved 1179648K
  class space    used 14451K, committed 14784K, reserved 1048576K
}
Event: 1488.021 GC heap before
{Heap before GC invocations=59 (full 0):
 garbage-first heap   total 368640K, used 307413K [0x00000000a0000000, 0x0000000100000000)
  region size 1024K, 182 young (186368K), 14 survivors (14336K)
 Metaspace       used 111587K, committed 112320K, reserved 1179648K
  class space    used 14486K, committed 14848K, reserved 1048576K
}
Event: 1488.097 GC heap after
{Heap after GC invocations=60 (full 0):
 garbage-first heap   total 368640K, used 160525K [0x00000000a0000000, 0x0000000100000000)
  region size 1024K, 23 young (23552K), 23 survivors (23552K)
 Metaspace       used 111587K, committed 112320K, reserved 1179648K
  class space    used 14486K, committed 14848K, reserved 1048576K
}

