# JRE version: OpenJDK Runtime Environment (17.0.11) (build 17.0.11+0--11852314)
# Java VM: OpenJDK 64-Bit Server VM (17.0.11+0--11852314, mixed mode, tiered, compressed oops, compressed class ptrs, g1 gc, windows-amd64)
GC Precious Log:
 CPUs: 8 total, 8 available
 Memory: 16087M
 Large Page Support: Disabled
 NUMA Support: Disabled
 Compressed Oops: Enabled (32-bit)
 Heap Region Size: 1M
 Heap Min Capacity: 8M
 Heap Initial Capacity: 252M
 Heap Max Capacity: 1536M
 Pre-touch: Disabled
 Parallel Workers: 8
 Concurrent Workers: 2
 Concurrent Refinement Workers: 8
 Periodic GC: Disabled
Heap:
 garbage-first heap   total 258048K, used 127659K [0x00000000a0000000, 0x0000000100000000)
  region size 1024K, 9 young (9216K), 9 survivors (9216K)
 Metaspace       used 107071K, committed 107776K, reserved 1179648K
  class space    used 14674K, committed 15040K, reserved 1048576K
GC Heap History (20 events):
Event: 14.109 GC heap after
{Heap after GC invocations=33 (full 0):
 garbage-first heap   total 110592K, used 60113K [0x00000000a0000000, 0x0000000100000000)
  region size 1024K, 4 young (4096K), 4 survivors (4096K)
 Metaspace       used 70104K, committed 70720K, reserved 1114112K
  class space    used 9317K, committed 9600K, reserved 1048576K
}
Event: 14.114 GC heap before
{Heap before GC invocations=33 (full 0):
 garbage-first heap   total 110592K, used 61137K [0x00000000a0000000, 0x0000000100000000)
  region size 1024K, 5 young (5120K), 4 survivors (4096K)
 Metaspace       used 70104K, committed 70720K, reserved 1114112K
  class space    used 9317K, committed 9600K, reserved 1048576K
}
Event: 14.120 GC heap after
{Heap after GC invocations=34 (full 0):
 garbage-first heap   total 221184K, used 59970K [0x00000000a0000000, 0x0000000100000000)
  region size 1024K, 1 young (1024K), 1 survivors (1024K)
 Metaspace       used 70104K, committed 70720K, reserved 1114112K
  class space    used 9317K, committed 9600K, reserved 1048576K
}
Event: 15.954 GC heap before
{Heap before GC invocations=34 (full 0):
 garbage-first heap   total 221184K, used 164418K [0x00000000a0000000, 0x0000000100000000)
  region size 1024K, 103 young (105472K), 1 survivors (1024K)
 Metaspace       used 75087K, committed 75648K, reserved 1114112K
  class space    used 10137K, committed 10432K, reserved 1048576K
}
Event: 15.964 GC heap after
{Heap after GC invocations=35 (full 0):
 garbage-first heap   total 221184K, used 66481K [0x00000000a0000000, 0x0000000100000000)
  region size 1024K, 7 young (7168K), 7 survivors (7168K)
 Metaspace       used 75087K, committed 75648K, reserved 1114112K
  class space    used 10137K, committed 10432K, reserved 1048576K
}
Event: 17.981 GC heap before
{Heap before GC invocations=35 (full 0):
 garbage-first heap   total 221184K, used 163761K [0x00000000a0000000, 0x0000000100000000)
  region size 1024K, 102 young (104448K), 7 survivors (7168K)
 Metaspace       used 82704K, committed 83264K, reserved 1179648K
  class space    used 11351K, committed 11584K, reserved 1048576K
}
Event: 17.993 GC heap after
{Heap after GC invocations=36 (full 0):
 garbage-first heap   total 221184K, used 72097K [0x00000000a0000000, 0x0000000100000000)
  region size 1024K, 6 young (6144K), 6 survivors (6144K)
 Metaspace       used 82704K, committed 83264K, reserved 1179648K
  class space    used 11351K, committed 11584K, reserved 1048576K
}
Event: 20.159 GC heap before
{Heap before GC invocations=36 (full 0):
 garbage-first heap   total 221184K, used 169377K [0x00000000a0000000, 0x0000000100000000)
  region size 1024K, 102 young (104448K), 6 survivors (6144K)
 Metaspace       used 90395K, committed 91008K, reserved 1179648K
  class space    used 12369K, committed 12672K, reserved 1048576K
}
Event: 20.184 GC heap after
{Heap after GC invocations=37 (full 0):
 garbage-first heap   total 221184K, used 82048K [0x00000000a0000000, 0x0000000100000000)
  region size 1024K, 13 young (13312K), 13 survivors (13312K)
 Metaspace       used 90395K, committed 91008K, reserved 1179648K
  class space    used 12369K, committed 12672K, reserved 1048576K
}
Event: 21.943 GC heap before
{Heap before GC invocations=37 (full 0):
 garbage-first heap   total 221184K, used 171136K [0x00000000a0000000, 0x0000000100000000)
  region size 1024K, 100 young (102400K), 13 survivors (13312K)
 Metaspace       used 90983K, committed 91584K, reserved 1179648K
  class space    used 12388K, committed 12672K, reserved 1048576K
}
Event: 21.966 GC heap after
{Heap after GC invocations=38 (full 0):
 garbage-first heap   total 221184K, used 88180K [0x00000000a0000000, 0x0000000100000000)
  region size 1024K, 6 young (6144K), 6 survivors (6144K)
 Metaspace       used 90983K, committed 91584K, reserved 1179648K
  class space    used 12388K, committed 12672K, reserved 1048576K
}
Event: 23.146 GC heap before
{Heap before GC invocations=38 (full 0):
 garbage-first heap   total 221184K, used 174196K [0x00000000a0000000, 0x0000000100000000)
  region size 1024K, 91 young (93184K), 6 survivors (6144K)
 Metaspace       used 95761K, committed 96320K, reserved 1179648K
  class space    used 13059K, committed 13312K, reserved 1048576K
}
Event: 23.160 GC heap after
{Heap after GC invocations=39 (full 0):
 garbage-first heap   total 221184K, used 93470K [0x00000000a0000000, 0x0000000100000000)
  region size 1024K, 12 young (12288K), 12 survivors (12288K)
 Metaspace       used 95761K, committed 96320K, reserved 1179648K
  class space    used 13059K, committed 13312K, reserved 1048576K
}
Event: 23.956 GC heap before
{Heap before GC invocations=39 (full 0):
 garbage-first heap   total 221184K, used 175390K [0x00000000a0000000, 0x0000000100000000)
  region size 1024K, 93 young (95232K), 12 survivors (12288K)
 Metaspace       used 98349K, committed 99072K, reserved 1179648K
  class space    used 13383K, committed 13760K, reserved 1048576K
}
Event: 23.983 GC heap after
{Heap after GC invocations=40 (full 0):
 garbage-first heap   total 221184K, used 98460K [0x00000000a0000000, 0x0000000100000000)
  region size 1024K, 11 young (11264K), 11 survivors (11264K)
 Metaspace       used 98349K, committed 99072K, reserved 1179648K
  class space    used 13383K, committed 13760K, reserved 1048576K
}
Event: 24.679 GC heap before
{Heap before GC invocations=40 (full 0):
 garbage-first heap   total 221184K, used 178332K [0x00000000a0000000, 0x0000000100000000)
  region size 1024K, 90 young (92160K), 11 survivors (11264K)
 Metaspace       used 101652K, committed 102336K, reserved 1179648K
  class space    used 13859K, committed 14208K, reserved 1048576K
}
Event: 24.703 GC heap after
{Heap after GC invocations=41 (full 0):
 garbage-first heap   total 221184K, used 109912K [0x00000000a0000000, 0x0000000100000000)
  region size 1024K, 12 young (12288K), 12 survivors (12288K)
 Metaspace       used 101652K, committed 102336K, reserved 1179648K
  class space    used 13859K, committed 14208K, reserved 1048576K
}
Event: 25.450 GC heap before
{Heap before GC invocations=41 (full 0):
 garbage-first heap   total 221184K, used 176472K [0x00000000a0000000, 0x0000000100000000)
  region size 1024K, 78 young (79872K), 12 survivors (12288K)
 Metaspace       used 104593K, committed 105280K, reserved 1179648K
  class space    used 14299K, committed 14656K, reserved 1048576K
}
Event: 25.479 GC heap after
{Heap after GC invocations=42 (full 0):
 garbage-first heap   total 221184K, used 118183K [0x00000000a0000000, 0x0000000100000000)
  region size 1024K, 10 young (10240K), 10 survivors (10240K)
 Metaspace       used 104593K, committed 105280K, reserved 1179648K
  class space    used 14299K, committed 14656K, reserved 1048576K
}
Event: 26.050 GC heap before
{Heap before GC invocations=42 (full 0):
 garbage-first heap   total 221184K, used 177575K [0x00000000a0000000, 0x0000000100000000)
  region size 1024K, 69 young (70656K), 10 survivors (10240K)
 Metaspace       used 107071K, committed 107776K, reserved 1179648K
  class space    used 14674K, committed 15040K, reserved 1048576K
}

