# JRE version: OpenJDK Runtime Environment Temurin-21.0.10+7 (21.0.10+7) (build 21.0.10+7-LTS)
# Java VM: OpenJDK 64-Bit Server VM Temurin-21.0.10+7 (21.0.10+7-LTS, mixed mode, sharing, tiered, compressed oops, compressed class ptrs, parallel gc, windows-amd64)
GC Precious Log:
 CardTable entry size: 512
 CPUs: 8 total, 8 available
 Memory: 16087M
 Large Page Support: Disabled
 NUMA Support: Disabled
 Compressed Oops: Enabled (32-bit)
 Alignments: Space 512K, Generation 512K, Heap 2M
 Heap Min Capacity: 100M
 Heap Initial Capacity: 100M
 Heap Max Capacity: 2G
 Pre-touch: Disabled
 Parallel Workers: 8
Heap:
 PSYoungGen      total 21504K, used 21443K [0x00000000d5580000, 0x00000000d7480000, 0x0000000100000000)
  eden space 17408K, 99% used [0x00000000d5580000,0x00000000d6675a28,0x00000000d6680000)
  from space 4096K, 99% used [0x00000000d6680000,0x00000000d6a7b360,0x00000000d6a80000)
  to   space 7168K, 0% used [0x00000000d6d80000,0x00000000d6d80000,0x00000000d7480000)
 ParOldGen       total 111104K, used 110670K [0x0000000080000000, 0x0000000086c80000, 0x00000000d5580000)
  object space 111104K, 99% used [0x0000000080000000,0x0000000086c13b10,0x0000000086c80000)
 Metaspace       used 86546K, committed 88320K, reserved 1179648K
  class space    used 10119K, committed 10944K, reserved 1048576K
GC Heap History (20 events):
Event: 490.293 GC heap before
{Heap before GC invocations=81 (full 3):
 PSYoungGen      total 22016K, used 21993K [0x00000000d5580000, 0x00000000d7500000, 0x0000000100000000)
  eden space 19968K, 100% used [0x00000000d5580000,0x00000000d6900000,0x00000000d6900000)
  from space 2048K, 98% used [0x00000000d6e80000,0x00000000d707a630,0x00000000d7080000)
  to   space 4608K, 0% used [0x00000000d7080000,0x00000000d7080000,0x00000000d7500000)
 ParOldGen       total 92160K, used 91711K [0x0000000080000000, 0x0000000085a00000, 0x00000000d5580000)
  object space 92160K, 99% used [0x0000000080000000,0x000000008598fdf0,0x0000000085a00000)
 Metaspace       used 85601K, committed 87360K, reserved 1179648K
  class space    used 10101K, committed 10944K, reserved 1048576K
}
Event: 490.311 GC heap after
{Heap after GC invocations=81 (full 3):
 PSYoungGen      total 22016K, used 4585K [0x00000000d5580000, 0x00000000d7d00000, 0x0000000100000000)
  eden space 17408K, 0% used [0x00000000d5580000,0x00000000d5580000,0x00000000d6680000)
  from space 4608K, 99% used [0x00000000d7080000,0x00000000d74fa670,0x00000000d7500000)
  to   space 10240K, 0% used [0x00000000d6680000,0x00000000d6680000,0x00000000d7080000)
 ParOldGen       total 96256K, used 96067K [0x0000000080000000, 0x0000000085e00000, 0x00000000d5580000)
  object space 96256K, 99% used [0x0000000080000000,0x0000000085dd0c60,0x0000000085e00000)
 Metaspace       used 85601K, committed 87360K, reserved 1179648K
  class space    used 10101K, committed 10944K, reserved 1048576K
}
Event: 491.475 GC heap before
{Heap before GC invocations=82 (full 3):
 PSYoungGen      total 22016K, used 21232K [0x00000000d5580000, 0x00000000d7d00000, 0x0000000100000000)
  eden space 17408K, 95% used [0x00000000d5580000,0x00000000d65c1a80,0x00000000d6680000)
  from space 4608K, 99% used [0x00000000d7080000,0x00000000d74fa670,0x00000000d7500000)
  to   space 10240K, 0% used [0x00000000d6680000,0x00000000d6680000,0x00000000d7080000)
 ParOldGen       total 96256K, used 96067K [0x0000000080000000, 0x0000000085e00000, 0x00000000d5580000)
  object space 96256K, 99% used [0x0000000080000000,0x0000000085dd0c60,0x0000000085e00000)
 Metaspace       used 85886K, committed 87616K, reserved 1179648K
  class space    used 10110K, committed 10944K, reserved 1048576K
}
Event: 491.494 GC heap after
{Heap after GC invocations=82 (full 3):
 PSYoungGen      total 19968K, used 2302K [0x00000000d5580000, 0x00000000d7100000, 0x0000000100000000)
  eden space 17408K, 0% used [0x00000000d5580000,0x00000000d5580000,0x00000000d6680000)
  from space 2560K, 89% used [0x00000000d6680000,0x00000000d68bfb50,0x00000000d6900000)
  to   space 5120K, 0% used [0x00000000d6c00000,0x00000000d6c00000,0x00000000d7100000)
 ParOldGen       total 100352K, used 100323K [0x0000000080000000, 0x0000000086200000, 0x00000000d5580000)
  object space 100352K, 99% used [0x0000000080000000,0x00000000861f8de8,0x0000000086200000)
 Metaspace       used 85886K, committed 87616K, reserved 1179648K
  class space    used 10110K, committed 10944K, reserved 1048576K
}
Event: 492.392 GC heap before
{Heap before GC invocations=83 (full 3):
 PSYoungGen      total 19968K, used 19710K [0x00000000d5580000, 0x00000000d7100000, 0x0000000100000000)
  eden space 17408K, 100% used [0x00000000d5580000,0x00000000d6680000,0x00000000d6680000)
  from space 2560K, 89% used [0x00000000d6680000,0x00000000d68bfb50,0x00000000d6900000)
  to   space 5120K, 0% used [0x00000000d6c00000,0x00000000d6c00000,0x00000000d7100000)
 ParOldGen       total 100352K, used 100323K [0x0000000080000000, 0x0000000086200000, 0x00000000d5580000)
  object space 100352K, 99% used [0x0000000080000000,0x00000000861f8de8,0x0000000086200000)
 Metaspace       used 85965K, committed 87744K, reserved 1179648K
  class space    used 10116K, committed 10944K, reserved 1048576K
}
Event: 492.402 GC heap after
{Heap after GC invocations=83 (full 3):
 PSYoungGen      total 17920K, used 320K [0x00000000d5580000, 0x00000000d6c80000, 0x0000000100000000)
  eden space 17408K, 0% used [0x00000000d5580000,0x00000000d5580000,0x00000000d6680000)
  from space 512K, 62% used [0x00000000d6c00000,0x00000000d6c50068,0x00000000d6c80000)
  to   space 1536K, 0% used [0x00000000d6980000,0x00000000d6980000,0x00000000d6b00000)
 ParOldGen       total 102912K, used 102519K [0x0000000080000000, 0x0000000086480000, 0x00000000d5580000)
  object space 102912K, 99% used [0x0000000080000000,0x000000008641dcc8,0x0000000086480000)
 Metaspace       used 85965K, committed 87744K, reserved 1179648K
  class space    used 10116K, committed 10944K, reserved 1048576K
}
Event: 492.648 GC heap before
{Heap before GC invocations=84 (full 3):
 PSYoungGen      total 17920K, used 17728K [0x00000000d5580000, 0x00000000d6c80000, 0x0000000100000000)
  eden space 17408K, 100% used [0x00000000d5580000,0x00000000d6680000,0x00000000d6680000)
  from space 512K, 62% used [0x00000000d6c00000,0x00000000d6c50068,0x00000000d6c80000)
  to   space 1536K, 0% used [0x00000000d6980000,0x00000000d6980000,0x00000000d6b00000)
 ParOldGen       total 102912K, used 102519K [0x0000000080000000, 0x0000000086480000, 0x00000000d5580000)
  object space 102912K, 99% used [0x0000000080000000,0x000000008641dcc8,0x0000000086480000)
 Metaspace       used 86015K, committed 87808K, reserved 1179648K
  class space    used 10117K, committed 10944K, reserved 1048576K
}
Event: 492.653 GC heap after
{Heap after GC invocations=84 (full 3):
 PSYoungGen      total 18944K, used 1206K [0x00000000d5580000, 0x00000000d6c80000, 0x0000000100000000)
  eden space 17408K, 0% used [0x00000000d5580000,0x00000000d5580000,0x00000000d6680000)
  from space 1536K, 78% used [0x00000000d6980000,0x00000000d6aada20,0x00000000d6b00000)
  to   space 1536K, 0% used [0x00000000d6b00000,0x00000000d6b00000,0x00000000d6c80000)
 ParOldGen       total 102912K, used 102751K [0x0000000080000000, 0x0000000086480000, 0x00000000d5580000)
  object space 102912K, 99% used [0x0000000080000000,0x0000000086457d30,0x0000000086480000)
 Metaspace       used 86015K, committed 87808K, reserved 1179648K
  class space    used 10117K, committed 10944K, reserved 1048576K
}
Event: 492.885 GC heap before
{Heap before GC invocations=85 (full 3):
 PSYoungGen      total 18944K, used 18614K [0x00000000d5580000, 0x00000000d6c80000, 0x0000000100000000)
  eden space 17408K, 100% used [0x00000000d5580000,0x00000000d6680000,0x00000000d6680000)
  from space 1536K, 78% used [0x00000000d6980000,0x00000000d6aada20,0x00000000d6b00000)
  to   space 1536K, 0% used [0x00000000d6b00000,0x00000000d6b00000,0x00000000d6c80000)
 ParOldGen       total 102912K, used 102751K [0x0000000080000000, 0x0000000086480000, 0x00000000d5580000)
  object space 102912K, 99% used [0x0000000080000000,0x0000000086457d30,0x0000000086480000)
 Metaspace       used 86083K, committed 87872K, reserved 1179648K
  class space    used 10117K, committed 10944K, reserved 1048576K
}
Event: 492.888 GC heap after
{Heap after GC invocations=85 (full 3):
 PSYoungGen      total 17920K, used 192K [0x00000000d5580000, 0x00000000d6b80000, 0x0000000100000000)
  eden space 17408K, 0% used [0x00000000d5580000,0x00000000d5580000,0x00000000d6680000)
  from space 512K, 37% used [0x00000000d6b00000,0x00000000d6b30000,0x00000000d6b80000)
  to   space 1024K, 0% used [0x00000000d6980000,0x00000000d6980000,0x00000000d6a80000)
 ParOldGen       total 104448K, used 104071K [0x0000000080000000, 0x0000000086600000, 0x00000000d5580000)
  object space 104448K, 99% used [0x0000000080000000,0x00000000865a1ce0,0x0000000086600000)
 Metaspace       used 86083K, committed 87872K, reserved 1179648K
  class space    used 10117K, committed 10944K, reserved 1048576K
}
Event: 493.082 GC heap before
{Heap before GC invocations=86 (full 3):
 PSYoungGen      total 17920K, used 17600K [0x00000000d5580000, 0x00000000d6b80000, 0x0000000100000000)
  eden space 17408K, 100% used [0x00000000d5580000,0x00000000d6680000,0x00000000d6680000)
  from space 512K, 37% used [0x00000000d6b00000,0x00000000d6b30000,0x00000000d6b80000)
  to   space 1024K, 0% used [0x00000000d6980000,0x00000000d6980000,0x00000000d6a80000)
 ParOldGen       total 104448K, used 104071K [0x0000000080000000, 0x0000000086600000, 0x00000000d5580000)
  object space 104448K, 99% used [0x0000000080000000,0x00000000865a1ce0,0x0000000086600000)
 Metaspace       used 86130K, committed 87936K, reserved 1179648K
  class space    used 10117K, committed 10944K, reserved 1048576K
}
Event: 493.086 GC heap after
{Heap after GC invocations=86 (full 3):
 PSYoungGen      total 18432K, used 953K [0x00000000d5580000, 0x00000000d6b80000, 0x0000000100000000)
  eden space 17408K, 0% used [0x00000000d5580000,0x00000000d5580000,0x00000000d6680000)
  from space 1024K, 93% used [0x00000000d6980000,0x00000000d6a6e600,0x00000000d6a80000)
  to   space 1024K, 0% used [0x00000000d6a80000,0x00000000d6a80000,0x00000000d6b80000)
 ParOldGen       total 104448K, used 104111K [0x0000000080000000, 0x0000000086600000, 0x00000000d5580000)
  object space 104448K, 99% used [0x0000000080000000,0x00000000865abce0,0x0000000086600000)
 Metaspace       used 86130K, committed 87936K, reserved 1179648K
  class space    used 10117K, committed 10944K, reserved 1048576K
}
Event: 493.253 GC heap before
{Heap before GC invocations=87 (full 3):
 PSYoungGen      total 18432K, used 18361K [0x00000000d5580000, 0x00000000d6b80000, 0x0000000100000000)
  eden space 17408K, 100% used [0x00000000d5580000,0x00000000d6680000,0x00000000d6680000)
  from space 1024K, 93% used [0x00000000d6980000,0x00000000d6a6e600,0x00000000d6a80000)
  to   space 1024K, 0% used [0x00000000d6a80000,0x00000000d6a80000,0x00000000d6b80000)
 ParOldGen       total 104448K, used 104111K [0x0000000080000000, 0x0000000086600000, 0x00000000d5580000)
  object space 104448K, 99% used [0x0000000080000000,0x00000000865abce0,0x0000000086600000)
 Metaspace       used 86141K, committed 87936K, reserved 1179648K
  class space    used 10117K, committed 10944K, reserved 1048576K
}
Event: 493.257 GC heap after
{Heap after GC invocations=87 (full 3):
 PSYoungGen      total 17920K, used 256K [0x00000000d5580000, 0x00000000d6b00000, 0x0000000100000000)
  eden space 17408K, 0% used [0x00000000d5580000,0x00000000d5580000,0x00000000d6680000)
  from space 512K, 50% used [0x00000000d6a80000,0x00000000d6ac0000,0x00000000d6b00000)
  to   space 512K, 0% used [0x00000000d6a00000,0x00000000d6a00000,0x00000000d6a80000)
 ParOldGen       total 105472K, used 105423K [0x0000000080000000, 0x0000000086700000, 0x00000000d5580000)
  object space 105472K, 99% used [0x0000000080000000,0x00000000866f3c90,0x0000000086700000)
 Metaspace       used 86141K, committed 87936K, reserved 1179648K
  class space    used 10117K, committed 10944K, reserved 1048576K
}
Event: 502.203 GC heap before
{Heap before GC invocations=88 (full 3):
 PSYoungGen      total 17920K, used 17664K [0x00000000d5580000, 0x00000000d6b00000, 0x0000000100000000)
  eden space 17408K, 100% used [0x00000000d5580000,0x00000000d6680000,0x00000000d6680000)
  from space 512K, 50% used [0x00000000d6a80000,0x00000000d6ac0000,0x00000000d6b00000)
  to   space 512K, 0% used [0x00000000d6a00000,0x00000000d6a00000,0x00000000d6a80000)
 ParOldGen       total 105472K, used 105423K [0x0000000080000000, 0x0000000086700000, 0x00000000d5580000)
  object space 105472K, 99% used [0x0000000080000000,0x00000000866f3c90,0x0000000086700000)
 Metaspace       used 86216K, committed 88000K, reserved 1179648K
  class space    used 10118K, committed 10944K, reserved 1048576K
}
Event: 502.205 GC heap after
{Heap after GC invocations=88 (full 3):
 PSYoungGen      total 17920K, used 492K [0x00000000d5580000, 0x00000000d6b00000, 0x0000000100000000)
  eden space 17408K, 0% used [0x00000000d5580000,0x00000000d5580000,0x00000000d6680000)
  from space 512K, 96% used [0x00000000d6a00000,0x00000000d6a7b360,0x00000000d6a80000)
  to   space 512K, 0% used [0x00000000d6a80000,0x00000000d6a80000,0x00000000d6b00000)
 ParOldGen       total 105984K, used 105763K [0x0000000080000000, 0x0000000086780000, 0x00000000d5580000)
  object space 105984K, 99% used [0x0000000080000000,0x0000000086748ff0,0x0000000086780000)
 Metaspace       used 86216K, committed 88000K, reserved 1179648K
  class space    used 10118K, committed 10944K, reserved 1048576K
}
Event: 502.821 GC heap before
{Heap before GC invocations=89 (full 3):
 PSYoungGen      total 17920K, used 17900K [0x00000000d5580000, 0x00000000d6b00000, 0x0000000100000000)
  eden space 17408K, 100% used [0x00000000d5580000,0x00000000d6680000,0x00000000d6680000)
  from space 512K, 96% used [0x00000000d6a00000,0x00000000d6a7b360,0x00000000d6a80000)
  to   space 512K, 0% used [0x00000000d6a80000,0x00000000d6a80000,0x00000000d6b00000)
 ParOldGen       total 105984K, used 105763K [0x0000000080000000, 0x0000000086780000, 0x00000000d5580000)
  object space 105984K, 99% used [0x0000000080000000,0x0000000086748ff0,0x0000000086780000)
 Metaspace       used 86318K, committed 88064K, reserved 1179648K
  class space    used 10119K, committed 10944K, reserved 1048576K
}
Event: 502.828 GC heap after
{Heap after GC invocations=89 (full 3):
 PSYoungGen      total 17920K, used 492K [0x00000000d5580000, 0x00000000d6e80000, 0x0000000100000000)
  eden space 17408K, 0% used [0x00000000d5580000,0x00000000d5580000,0x00000000d6680000)
  from space 512K, 96% used [0x00000000d6a80000,0x00000000d6afb350,0x00000000d6b00000)
  to   space 4096K, 0% used [0x00000000d6680000,0x00000000d6680000,0x00000000d6a80000)
 ParOldGen       total 109056K, used 108645K [0x0000000080000000, 0x0000000086a80000, 0x00000000d5580000)
  object space 109056K, 99% used [0x0000000080000000,0x0000000086a19780,0x0000000086a80000)
 Metaspace       used 86318K, committed 88064K, reserved 1179648K
  class space    used 10119K, committed 10944K, reserved 1048576K
}
Event: 503.396 GC heap before
{Heap before GC invocations=90 (full 3):
 PSYoungGen      total 17920K, used 17900K [0x00000000d5580000, 0x00000000d6e80000, 0x0000000100000000)
  eden space 17408K, 100% used [0x00000000d5580000,0x00000000d6680000,0x00000000d6680000)
  from space 512K, 96% used [0x00000000d6a80000,0x00000000d6afb350,0x00000000d6b00000)
  to   space 4096K, 0% used [0x00000000d6680000,0x00000000d6680000,0x00000000d6a80000)
 ParOldGen       total 109056K, used 108645K [0x0000000080000000, 0x0000000086a80000, 0x00000000d5580000)
  object space 109056K, 99% used [0x0000000080000000,0x0000000086a19780,0x0000000086a80000)
 Metaspace       used 86441K, committed 88192K, reserved 1179648K
  class space    used 10119K, committed 10944K, reserved 1048576K
}
Event: 503.407 GC heap after
{Heap after GC invocations=90 (full 3):
 PSYoungGen      total 21504K, used 4076K [0x00000000d5580000, 0x00000000d7480000, 0x0000000100000000)
  eden space 17408K, 0% used [0x00000000d5580000,0x00000000d5580000,0x00000000d6680000)
  from space 4096K, 99% used [0x00000000d6680000,0x00000000d6a7b360,0x00000000d6a80000)
  to   space 7168K, 0% used [0x00000000d6d80000,0x00000000d6d80000,0x00000000d7480000)
 ParOldGen       total 111104K, used 110670K [0x0000000080000000, 0x0000000086c80000, 0x00000000d5580000)
  object space 111104K, 99% used [0x0000000080000000,0x0000000086c13b10,0x0000000086c80000)
 Metaspace       used 86441K, committed 88192K, reserved 1179648K
  class space    used 10119K, committed 10944K, reserved 1048576K
}

